[2021-11-12 01:06:27:618 ] [32m[main][0;39m [34mINFO [0;39m [1;37m[org.springframework.boot.StartupInfoLogger.logStarting:[33m55[0;39m][0;39m - Starting JoopgingApplication using Java 1.8.0_302 on LAPTOP-KC7HJPTO with PID 12872 (C:\Users\nswoo\IdeaProjects\demo\항해99 프로젝트\Joopging-Server\build\classes\java\main started by nswoo in C:\Users\nswoo\IdeaProjects\demo\항해99 프로젝트\Joopging-Server)
[2021-11-12 01:06:27:621 ] [32m[main][0;39m [34mINFO [0;39m [1;37m[org.springframework.boot.SpringApplication.logStartupProfileInfo:[33m663[0;39m][0;39m - The following profiles are active: local
[2021-11-12 01:06:29:1923] [32m[main][0;39m [34mINFO [0;39m [1;37m[org.springframework.data.repository.config.RepositoryConfigurationDelegate.registerRepositoriesIn:[33m132[0;39m][0;39m - Bootstrapping Spring Data JPA repositories in DEFAULT mode.
[2021-11-12 01:06:29:2014] [32m[main][0;39m [34mINFO [0;39m [1;37m[org.springframework.data.repository.config.RepositoryConfigurationDelegate.registerRepositoriesIn:[33m201[0;39m][0;39m - Finished Spring Data repository scanning in 85 ms. Found 7 JPA repository interfaces.
[2021-11-12 01:06:29:2376] [32m[main][0;39m [34mINFO [0;39m [1;37m[org.springframework.context.support.PostProcessorRegistrationDelegate$BeanPostProcessorChecker.postProcessAfterInitialization:[33m376[0;39m][0;39m - Bean 'org.springframework.security.access.expression.method.DefaultMethodSecurityExpressionHandler@333c8791' of type [org.springframework.security.access.expression.method.DefaultMethodSecurityExpressionHandler] is not eligible for getting processed by all BeanPostProcessors (for example: not eligible for auto-proxying)
[2021-11-12 01:06:29:2382] [32m[main][0;39m [34mINFO [0;39m [1;37m[org.springframework.context.support.PostProcessorRegistrationDelegate$BeanPostProcessorChecker.postProcessAfterInitialization:[33m376[0;39m][0;39m - Bean 'methodSecurityMetadataSource' of type [org.springframework.security.access.method.DelegatingMethodSecurityMetadataSource] is not eligible for getting processed by all BeanPostProcessors (for example: not eligible for auto-proxying)
[2021-11-12 01:06:29:2607] [32m[main][0;39m [34mINFO [0;39m [1;37m[org.springframework.boot.web.embedded.tomcat.TomcatWebServer.initialize:[33m108[0;39m][0;39m - Tomcat initialized with port(s): 8080 (http)
[2021-11-12 01:06:29:2616] [32m[main][0;39m [34mINFO [0;39m [1;37m[org.apache.juli.logging.DirectJDKLog.log:[33m173[0;39m][0;39m - Initializing ProtocolHandler ["http-nio-8080"]
[2021-11-12 01:06:29:2616] [32m[main][0;39m [34mINFO [0;39m [1;37m[org.apache.juli.logging.DirectJDKLog.log:[33m173[0;39m][0;39m - Starting service [Tomcat]
[2021-11-12 01:06:29:2616] [32m[main][0;39m [34mINFO [0;39m [1;37m[org.apache.juli.logging.DirectJDKLog.log:[33m173[0;39m][0;39m - Starting Servlet engine: [Apache Tomcat/9.0.54]
[2021-11-12 01:06:30:2737] [32m[main][0;39m [34mINFO [0;39m [1;37m[org.apache.juli.logging.DirectJDKLog.log:[33m173[0;39m][0;39m - Initializing Spring embedded WebApplicationContext
[2021-11-12 01:06:30:2738] [32m[main][0;39m [34mINFO [0;39m [1;37m[org.springframework.boot.web.servlet.context.ServletWebServerApplicationContext.prepareWebApplicationContext:[33m290[0;39m][0;39m - Root WebApplicationContext: initialization completed in 2057 ms
[2021-11-12 01:06:30:3054] [32m[main][0;39m [34mINFO [0;39m [1;37m[org.hibernate.jpa.internal.util.LogHelper.logPersistenceUnitInformation:[33m31[0;39m][0;39m - HHH000204: Processing PersistenceUnitInfo [name: default]
[2021-11-12 01:06:30:3095] [32m[main][0;39m [34mINFO [0;39m [1;37m[org.hibernate.Version.logVersion:[33m44[0;39m][0;39m - HHH000412: Hibernate ORM core version 5.4.32.Final
[2021-11-12 01:06:30:3205] [32m[main][0;39m [34mINFO [0;39m [1;37m[org.hibernate.annotations.common.reflection.java.JavaReflectionManager.<clinit>:[33m56[0;39m][0;39m - HCANN000001: Hibernate Commons Annotations {5.1.2.Final}
[2021-11-12 01:06:30:3300] [32m[main][0;39m [34mINFO [0;39m [1;37m[com.zaxxer.hikari.HikariDataSource.getConnection:[33m110[0;39m][0;39m - HikariPool-1 - Starting...
[2021-11-12 01:06:31:3701] [32m[main][0;39m [34mINFO [0;39m [1;37m[com.zaxxer.hikari.HikariDataSource.getConnection:[33m123[0;39m][0;39m - HikariPool-1 - Start completed.
[2021-11-12 01:06:31:3724] [32m[main][0;39m [34mINFO [0;39m [1;37m[org.hibernate.dialect.Dialect.<init>:[33m175[0;39m][0;39m - HHH000400: Using dialect: org.hibernate.dialect.MySQL8Dialect
[2021-11-12 01:06:32:4810] [32m[main][0;39m [34mINFO [0;39m [1;37m[org.hibernate.engine.transaction.jta.platform.internal.JtaPlatformInitiator.initiateService:[33m52[0;39m][0;39m - HHH000490: Using JtaPlatform implementation: [org.hibernate.engine.transaction.jta.platform.internal.NoJtaPlatform]
[2021-11-12 01:06:32:4818] [32m[main][0;39m [34mINFO [0;39m [1;37m[org.springframework.orm.jpa.AbstractEntityManagerFactoryBean.buildNativeEntityManagerFactory:[33m437[0;39m][0;39m - Initialized JPA EntityManagerFactory for persistence unit 'default'
[2021-11-12 01:06:33:5971] [32m[main][0;39m [34mINFO [0;39m [1;37m[org.springframework.boot.actuate.endpoint.web.EndpointLinksResolver.<init>:[33m58[0;39m][0;39m - Exposing 1 endpoint(s) beneath base path '/actuator'
[2021-11-12 01:06:33:6102] [32m[main][0;39m [34mINFO [0;39m [1;37m[org.springframework.security.web.DefaultSecurityFilterChain.<init>:[33m51[0;39m][0;39m - Will secure Ant [pattern='/h2-console/**'] with []
[2021-11-12 01:06:33:6103] [32m[main][0;39m [34mINFO [0;39m [1;37m[org.springframework.security.web.DefaultSecurityFilterChain.<init>:[33m51[0;39m][0;39m - Will secure Ant [pattern='/v2/api-docs'] with []
[2021-11-12 01:06:33:6103] [32m[main][0;39m [34mINFO [0;39m [1;37m[org.springframework.security.web.DefaultSecurityFilterChain.<init>:[33m51[0;39m][0;39m - Will secure Ant [pattern='/v3/api-docs'] with []
[2021-11-12 01:06:33:6103] [32m[main][0;39m [34mINFO [0;39m [1;37m[org.springframework.security.web.DefaultSecurityFilterChain.<init>:[33m51[0;39m][0;39m - Will secure Ant [pattern='/swagger-resources/**'] with []
[2021-11-12 01:06:33:6103] [32m[main][0;39m [34mINFO [0;39m [1;37m[org.springframework.security.web.DefaultSecurityFilterChain.<init>:[33m51[0;39m][0;39m - Will secure Ant [pattern='/swagger-ui.html'] with []
[2021-11-12 01:06:33:6103] [32m[main][0;39m [34mINFO [0;39m [1;37m[org.springframework.security.web.DefaultSecurityFilterChain.<init>:[33m51[0;39m][0;39m - Will secure Ant [pattern='/swagger-ui/index.html#/'] with []
[2021-11-12 01:06:33:6103] [32m[main][0;39m [34mINFO [0;39m [1;37m[org.springframework.security.web.DefaultSecurityFilterChain.<init>:[33m51[0;39m][0;39m - Will secure Ant [pattern='/webjars/**'] with []
[2021-11-12 01:06:33:6104] [32m[main][0;39m [34mINFO [0;39m [1;37m[org.springframework.security.web.DefaultSecurityFilterChain.<init>:[33m51[0;39m][0;39m - Will secure Ant [pattern='/swagger/**'] with []
[2021-11-12 01:06:33:6104] [32m[main][0;39m [34mINFO [0;39m [1;37m[org.springframework.security.web.DefaultSecurityFilterChain.<init>:[33m51[0;39m][0;39m - Will secure Ant [pattern='/configuration/**'] with []
[2021-11-12 01:06:33:6230] [32m[main][0;39m [34mINFO [0;39m [1;37m[org.springframework.security.web.DefaultSecurityFilterChain.<init>:[33m51[0;39m][0;39m - Will secure any request with [org.springframework.security.web.context.request.async.WebAsyncManagerIntegrationFilter@3fa57aa8, org.springframework.security.web.context.SecurityContextPersistenceFilter@566cc6af, org.springframework.security.web.header.HeaderWriterFilter@6fad5ace, org.springframework.web.filter.CorsFilter@7d4bdbd8, org.springframework.security.web.authentication.logout.LogoutFilter@5cdc8499, com.project.joopging.security.JwtAuthenticationFilter@2e847e71, org.springframework.security.web.savedrequest.RequestCacheAwareFilter@7f8f5d37, org.springframework.security.web.servletapi.SecurityContextHolderAwareRequestFilter@4c7f2fdb, org.springframework.security.web.authentication.AnonymousAuthenticationFilter@79636080, org.springframework.security.web.session.SessionManagementFilter@4deca78, org.springframework.security.web.access.ExceptionTranslationFilter@3f6d36eb, org.springframework.security.web.access.intercept.FilterSecurityInterceptor@42c9b1ee]
[2021-11-12 01:06:33:6520] [32m[main][0;39m [34mINFO [0;39m [1;37m[org.apache.juli.logging.DirectJDKLog.log:[33m173[0;39m][0;39m - Starting ProtocolHandler ["http-nio-8080"]
[2021-11-12 01:06:33:6541] [32m[main][0;39m [34mINFO [0;39m [1;37m[org.springframework.boot.web.embedded.tomcat.TomcatWebServer.start:[33m220[0;39m][0;39m - Tomcat started on port(s): 8080 (http) with context path ''
[2021-11-12 01:06:34:6913] [32m[main][0;39m [34mINFO [0;39m [1;37m[org.springframework.boot.StartupInfoLogger.logStarted:[33m61[0;39m][0;39m - Started JoopgingApplication in 6.764 seconds (JVM running for 7.84)
[2021-11-12 01:06:34:7381] [32m[RMI TCP Connection(1)-192.168.35.124][0;39m [34mINFO [0;39m [1;37m[org.apache.juli.logging.DirectJDKLog.log:[33m173[0;39m][0;39m - Initializing Spring DispatcherServlet 'dispatcherServlet'
[2021-11-12 01:06:34:7382] [32m[RMI TCP Connection(1)-192.168.35.124][0;39m [34mINFO [0;39m [1;37m[org.springframework.web.servlet.FrameworkServlet.initServletBean:[33m525[0;39m][0;39m - Initializing Servlet 'dispatcherServlet'
[2021-11-12 01:06:34:7384] [32m[RMI TCP Connection(1)-192.168.35.124][0;39m [34mINFO [0;39m [1;37m[org.springframework.web.servlet.FrameworkServlet.initServletBean:[33m547[0;39m][0;39m - Completed initialization in 2 ms
[2021-11-12 01:08:39:132102] [32m[SpringApplicationShutdownHook][0;39m [34mINFO [0;39m [1;37m[org.springframework.orm.jpa.AbstractEntityManagerFactoryBean.destroy:[33m651[0;39m][0;39m - Closing JPA EntityManagerFactory for persistence unit 'default'
[2021-11-12 01:08:39:132105] [32m[SpringApplicationShutdownHook][0;39m [34mINFO [0;39m [1;37m[com.zaxxer.hikari.HikariDataSource.close:[33m350[0;39m][0;39m - HikariPool-1 - Shutdown initiated...
[2021-11-12 01:08:39:132118] [32m[SpringApplicationShutdownHook][0;39m [34mINFO [0;39m [1;37m[com.zaxxer.hikari.HikariDataSource.close:[33m352[0;39m][0;39m - HikariPool-1 - Shutdown completed.
[2021-11-12 01:10:04:668 ] [32m[main][0;39m [34mINFO [0;39m [1;37m[org.springframework.boot.StartupInfoLogger.logStarting:[33m55[0;39m][0;39m - Starting JoopgingApplication using Java 1.8.0_302 on LAPTOP-KC7HJPTO with PID 16800 (C:\Users\nswoo\IdeaProjects\demo\항해99 프로젝트\Joopging-Server\build\classes\java\main started by nswoo in C:\Users\nswoo\IdeaProjects\demo\항해99 프로젝트\Joopging-Server)
[2021-11-12 01:10:04:670 ] [32m[main][0;39m [34mINFO [0;39m [1;37m[org.springframework.boot.SpringApplication.logStartupProfileInfo:[33m663[0;39m][0;39m - The following profiles are active: local
[2021-11-12 01:10:06:2417] [32m[main][0;39m [34mINFO [0;39m [1;37m[org.springframework.data.repository.config.RepositoryConfigurationDelegate.registerRepositoriesIn:[33m132[0;39m][0;39m - Bootstrapping Spring Data JPA repositories in DEFAULT mode.
[2021-11-12 01:10:06:2539] [32m[main][0;39m [34mINFO [0;39m [1;37m[org.springframework.data.repository.config.RepositoryConfigurationDelegate.registerRepositoriesIn:[33m201[0;39m][0;39m - Finished Spring Data repository scanning in 110 ms. Found 7 JPA repository interfaces.
[2021-11-12 01:10:06:2979] [32m[main][0;39m [34mINFO [0;39m [1;37m[org.springframework.context.support.PostProcessorRegistrationDelegate$BeanPostProcessorChecker.postProcessAfterInitialization:[33m376[0;39m][0;39m - Bean 'org.springframework.security.access.expression.method.DefaultMethodSecurityExpressionHandler@22eaa86e' of type [org.springframework.security.access.expression.method.DefaultMethodSecurityExpressionHandler] is not eligible for getting processed by all BeanPostProcessors (for example: not eligible for auto-proxying)
[2021-11-12 01:10:06:2984] [32m[main][0;39m [34mINFO [0;39m [1;37m[org.springframework.context.support.PostProcessorRegistrationDelegate$BeanPostProcessorChecker.postProcessAfterInitialization:[33m376[0;39m][0;39m - Bean 'methodSecurityMetadataSource' of type [org.springframework.security.access.method.DelegatingMethodSecurityMetadataSource] is not eligible for getting processed by all BeanPostProcessors (for example: not eligible for auto-proxying)
[2021-11-12 01:10:07:3223] [32m[main][0;39m [34mINFO [0;39m [1;37m[org.springframework.boot.web.embedded.tomcat.TomcatWebServer.initialize:[33m108[0;39m][0;39m - Tomcat initialized with port(s): 8080 (http)
[2021-11-12 01:10:07:3234] [32m[main][0;39m [34mINFO [0;39m [1;37m[org.apache.juli.logging.DirectJDKLog.log:[33m173[0;39m][0;39m - Initializing ProtocolHandler ["http-nio-8080"]
[2021-11-12 01:10:07:3235] [32m[main][0;39m [34mINFO [0;39m [1;37m[org.apache.juli.logging.DirectJDKLog.log:[33m173[0;39m][0;39m - Starting service [Tomcat]
[2021-11-12 01:10:07:3235] [32m[main][0;39m [34mINFO [0;39m [1;37m[org.apache.juli.logging.DirectJDKLog.log:[33m173[0;39m][0;39m - Starting Servlet engine: [Apache Tomcat/9.0.54]
[2021-11-12 01:10:07:3346] [32m[main][0;39m [34mINFO [0;39m [1;37m[org.apache.juli.logging.DirectJDKLog.log:[33m173[0;39m][0;39m - Initializing Spring embedded WebApplicationContext
[2021-11-12 01:10:07:3346] [32m[main][0;39m [34mINFO [0;39m [1;37m[org.springframework.boot.web.servlet.context.ServletWebServerApplicationContext.prepareWebApplicationContext:[33m290[0;39m][0;39m - Root WebApplicationContext: initialization completed in 2617 ms
[2021-11-12 01:10:07:3720] [32m[main][0;39m [34mINFO [0;39m [1;37m[org.hibernate.jpa.internal.util.LogHelper.logPersistenceUnitInformation:[33m31[0;39m][0;39m - HHH000204: Processing PersistenceUnitInfo [name: default]
[2021-11-12 01:10:07:3767] [32m[main][0;39m [34mINFO [0;39m [1;37m[org.hibernate.Version.logVersion:[33m44[0;39m][0;39m - HHH000412: Hibernate ORM core version 5.4.32.Final
[2021-11-12 01:10:07:3885] [32m[main][0;39m [34mINFO [0;39m [1;37m[org.hibernate.annotations.common.reflection.java.JavaReflectionManager.<clinit>:[33m56[0;39m][0;39m - HCANN000001: Hibernate Commons Annotations {5.1.2.Final}
[2021-11-12 01:10:07:4007] [32m[main][0;39m [34mINFO [0;39m [1;37m[com.zaxxer.hikari.HikariDataSource.getConnection:[33m110[0;39m][0;39m - HikariPool-1 - Starting...
[2021-11-12 01:10:08:4427] [32m[main][0;39m [34mINFO [0;39m [1;37m[com.zaxxer.hikari.HikariDataSource.getConnection:[33m123[0;39m][0;39m - HikariPool-1 - Start completed.
[2021-11-12 01:10:08:4447] [32m[main][0;39m [34mINFO [0;39m [1;37m[org.hibernate.dialect.Dialect.<init>:[33m175[0;39m][0;39m - HHH000400: Using dialect: org.hibernate.dialect.MySQL8Dialect
[2021-11-12 01:10:09:5652] [32m[main][0;39m [34mINFO [0;39m [1;37m[org.hibernate.engine.transaction.jta.platform.internal.JtaPlatformInitiator.initiateService:[33m52[0;39m][0;39m - HHH000490: Using JtaPlatform implementation: [org.hibernate.engine.transaction.jta.platform.internal.NoJtaPlatform]
[2021-11-12 01:10:09:5667] [32m[main][0;39m [34mINFO [0;39m [1;37m[org.springframework.orm.jpa.AbstractEntityManagerFactoryBean.buildNativeEntityManagerFactory:[33m437[0;39m][0;39m - Initialized JPA EntityManagerFactory for persistence unit 'default'
[2021-11-12 01:10:10:7085] [32m[main][0;39m [34mINFO [0;39m [1;37m[org.springframework.boot.actuate.endpoint.web.EndpointLinksResolver.<init>:[33m58[0;39m][0;39m - Exposing 1 endpoint(s) beneath base path '/actuator'
[2021-11-12 01:10:11:7231] [32m[main][0;39m [34mINFO [0;39m [1;37m[org.springframework.security.web.DefaultSecurityFilterChain.<init>:[33m51[0;39m][0;39m - Will secure Ant [pattern='/h2-console/**'] with []
[2021-11-12 01:10:11:7231] [32m[main][0;39m [34mINFO [0;39m [1;37m[org.springframework.security.web.DefaultSecurityFilterChain.<init>:[33m51[0;39m][0;39m - Will secure Ant [pattern='/v2/api-docs'] with []
[2021-11-12 01:10:11:7232] [32m[main][0;39m [34mINFO [0;39m [1;37m[org.springframework.security.web.DefaultSecurityFilterChain.<init>:[33m51[0;39m][0;39m - Will secure Ant [pattern='/v3/api-docs'] with []
[2021-11-12 01:10:11:7232] [32m[main][0;39m [34mINFO [0;39m [1;37m[org.springframework.security.web.DefaultSecurityFilterChain.<init>:[33m51[0;39m][0;39m - Will secure Ant [pattern='/swagger-resources/**'] with []
[2021-11-12 01:10:11:7232] [32m[main][0;39m [34mINFO [0;39m [1;37m[org.springframework.security.web.DefaultSecurityFilterChain.<init>:[33m51[0;39m][0;39m - Will secure Ant [pattern='/swagger-ui.html'] with []
[2021-11-12 01:10:11:7232] [32m[main][0;39m [34mINFO [0;39m [1;37m[org.springframework.security.web.DefaultSecurityFilterChain.<init>:[33m51[0;39m][0;39m - Will secure Ant [pattern='/swagger-ui/index.html#/'] with []
[2021-11-12 01:10:11:7232] [32m[main][0;39m [34mINFO [0;39m [1;37m[org.springframework.security.web.DefaultSecurityFilterChain.<init>:[33m51[0;39m][0;39m - Will secure Ant [pattern='/webjars/**'] with []
[2021-11-12 01:10:11:7233] [32m[main][0;39m [34mINFO [0;39m [1;37m[org.springframework.security.web.DefaultSecurityFilterChain.<init>:[33m51[0;39m][0;39m - Will secure Ant [pattern='/swagger/**'] with []
[2021-11-12 01:10:11:7233] [32m[main][0;39m [34mINFO [0;39m [1;37m[org.springframework.security.web.DefaultSecurityFilterChain.<init>:[33m51[0;39m][0;39m - Will secure Ant [pattern='/configuration/**'] with []
[2021-11-12 01:10:11:7383] [32m[main][0;39m [34mINFO [0;39m [1;37m[org.springframework.security.web.DefaultSecurityFilterChain.<init>:[33m51[0;39m][0;39m - Will secure any request with [org.springframework.security.web.context.request.async.WebAsyncManagerIntegrationFilter@60cc20e1, org.springframework.security.web.context.SecurityContextPersistenceFilter@566cc6af, org.springframework.security.web.header.HeaderWriterFilter@6fad5ace, org.springframework.web.filter.CorsFilter@25109d84, org.springframework.security.web.authentication.logout.LogoutFilter@5cdc8499, com.project.joopging.security.JwtAuthenticationFilter@4a1934e2, org.springframework.security.web.savedrequest.RequestCacheAwareFilter@7f8f5d37, org.springframework.security.web.servletapi.SecurityContextHolderAwareRequestFilter@4c7f2fdb, org.springframework.security.web.authentication.AnonymousAuthenticationFilter@6963b0bd, org.springframework.security.web.session.SessionManagementFilter@4deca78, org.springframework.security.web.access.ExceptionTranslationFilter@3f6d36eb, org.springframework.security.web.access.intercept.FilterSecurityInterceptor@2b561f51]
[2021-11-12 01:10:11:7752] [32m[main][0;39m [34mINFO [0;39m [1;37m[org.apache.juli.logging.DirectJDKLog.log:[33m173[0;39m][0;39m - Starting ProtocolHandler ["http-nio-8080"]
[2021-11-12 01:10:11:7773] [32m[main][0;39m [34mINFO [0;39m [1;37m[org.springframework.boot.web.embedded.tomcat.TomcatWebServer.start:[33m220[0;39m][0;39m - Tomcat started on port(s): 8080 (http) with context path ''
[2021-11-12 01:10:12:8172] [32m[main][0;39m [34mINFO [0;39m [1;37m[org.springframework.boot.StartupInfoLogger.logStarted:[33m61[0;39m][0;39m - Started JoopgingApplication in 8.026 seconds (JVM running for 9.002)
[2021-11-12 01:10:12:8275] [32m[http-nio-8080-exec-1][0;39m [34mINFO [0;39m [1;37m[org.apache.juli.logging.DirectJDKLog.log:[33m173[0;39m][0;39m - Initializing Spring DispatcherServlet 'dispatcherServlet'
[2021-11-12 01:10:12:8276] [32m[http-nio-8080-exec-1][0;39m [34mINFO [0;39m [1;37m[org.springframework.web.servlet.FrameworkServlet.initServletBean:[33m525[0;39m][0;39m - Initializing Servlet 'dispatcherServlet'
[2021-11-12 01:10:12:8278] [32m[http-nio-8080-exec-1][0;39m [34mINFO [0;39m [1;37m[org.springframework.web.servlet.FrameworkServlet.initServletBean:[33m547[0;39m][0;39m - Completed initialization in 2 ms
[2021-11-12 01:13:14:190881] [32m[SpringApplicationShutdownHook][0;39m [34mINFO [0;39m [1;37m[org.springframework.orm.jpa.AbstractEntityManagerFactoryBean.destroy:[33m651[0;39m][0;39m - Closing JPA EntityManagerFactory for persistence unit 'default'
[2021-11-12 01:13:14:190884] [32m[SpringApplicationShutdownHook][0;39m [34mINFO [0;39m [1;37m[com.zaxxer.hikari.HikariDataSource.close:[33m350[0;39m][0;39m - HikariPool-1 - Shutdown initiated...
[2021-11-12 01:13:14:190898] [32m[SpringApplicationShutdownHook][0;39m [34mINFO [0;39m [1;37m[com.zaxxer.hikari.HikariDataSource.close:[33m352[0;39m][0;39m - HikariPool-1 - Shutdown completed.
[2021-11-12 01:13:17:622 ] [32m[main][0;39m [34mINFO [0;39m [1;37m[org.springframework.boot.StartupInfoLogger.logStarting:[33m55[0;39m][0;39m - Starting JoopgingApplication using Java 1.8.0_302 on LAPTOP-KC7HJPTO with PID 20176 (C:\Users\nswoo\IdeaProjects\demo\항해99 프로젝트\Joopging-Server\build\classes\java\main started by nswoo in C:\Users\nswoo\IdeaProjects\demo\항해99 프로젝트\Joopging-Server)
[2021-11-12 01:13:17:626 ] [32m[main][0;39m [34mINFO [0;39m [1;37m[org.springframework.boot.SpringApplication.logStartupProfileInfo:[33m663[0;39m][0;39m - The following profiles are active: local
[2021-11-12 01:13:19:1974] [32m[main][0;39m [34mINFO [0;39m [1;37m[org.springframework.data.repository.config.RepositoryConfigurationDelegate.registerRepositoriesIn:[33m132[0;39m][0;39m - Bootstrapping Spring Data JPA repositories in DEFAULT mode.
[2021-11-12 01:13:19:2069] [32m[main][0;39m [34mINFO [0;39m [1;37m[org.springframework.data.repository.config.RepositoryConfigurationDelegate.registerRepositoriesIn:[33m201[0;39m][0;39m - Finished Spring Data repository scanning in 87 ms. Found 7 JPA repository interfaces.
[2021-11-12 01:13:19:2423] [32m[main][0;39m [34mINFO [0;39m [1;37m[org.springframework.context.support.PostProcessorRegistrationDelegate$BeanPostProcessorChecker.postProcessAfterInitialization:[33m376[0;39m][0;39m - Bean 'org.springframework.security.access.expression.method.DefaultMethodSecurityExpressionHandler@22eaa86e' of type [org.springframework.security.access.expression.method.DefaultMethodSecurityExpressionHandler] is not eligible for getting processed by all BeanPostProcessors (for example: not eligible for auto-proxying)
[2021-11-12 01:13:19:2428] [32m[main][0;39m [34mINFO [0;39m [1;37m[org.springframework.context.support.PostProcessorRegistrationDelegate$BeanPostProcessorChecker.postProcessAfterInitialization:[33m376[0;39m][0;39m - Bean 'methodSecurityMetadataSource' of type [org.springframework.security.access.method.DelegatingMethodSecurityMetadataSource] is not eligible for getting processed by all BeanPostProcessors (for example: not eligible for auto-proxying)
[2021-11-12 01:13:20:2649] [32m[main][0;39m [34mINFO [0;39m [1;37m[org.springframework.boot.web.embedded.tomcat.TomcatWebServer.initialize:[33m108[0;39m][0;39m - Tomcat initialized with port(s): 8080 (http)
[2021-11-12 01:13:20:2657] [32m[main][0;39m [34mINFO [0;39m [1;37m[org.apache.juli.logging.DirectJDKLog.log:[33m173[0;39m][0;39m - Initializing ProtocolHandler ["http-nio-8080"]
[2021-11-12 01:13:20:2658] [32m[main][0;39m [34mINFO [0;39m [1;37m[org.apache.juli.logging.DirectJDKLog.log:[33m173[0;39m][0;39m - Starting service [Tomcat]
[2021-11-12 01:13:20:2658] [32m[main][0;39m [34mINFO [0;39m [1;37m[org.apache.juli.logging.DirectJDKLog.log:[33m173[0;39m][0;39m - Starting Servlet engine: [Apache Tomcat/9.0.54]
[2021-11-12 01:13:20:2768] [32m[main][0;39m [34mINFO [0;39m [1;37m[org.apache.juli.logging.DirectJDKLog.log:[33m173[0;39m][0;39m - Initializing Spring embedded WebApplicationContext
[2021-11-12 01:13:20:2768] [32m[main][0;39m [34mINFO [0;39m [1;37m[org.springframework.boot.web.servlet.context.ServletWebServerApplicationContext.prepareWebApplicationContext:[33m290[0;39m][0;39m - Root WebApplicationContext: initialization completed in 2082 ms
[2021-11-12 01:13:20:3087] [32m[main][0;39m [34mINFO [0;39m [1;37m[org.hibernate.jpa.internal.util.LogHelper.logPersistenceUnitInformation:[33m31[0;39m][0;39m - HHH000204: Processing PersistenceUnitInfo [name: default]
[2021-11-12 01:13:20:3128] [32m[main][0;39m [34mINFO [0;39m [1;37m[org.hibernate.Version.logVersion:[33m44[0;39m][0;39m - HHH000412: Hibernate ORM core version 5.4.32.Final
[2021-11-12 01:13:20:3235] [32m[main][0;39m [34mINFO [0;39m [1;37m[org.hibernate.annotations.common.reflection.java.JavaReflectionManager.<clinit>:[33m56[0;39m][0;39m - HCANN000001: Hibernate Commons Annotations {5.1.2.Final}
[2021-11-12 01:13:20:3320] [32m[main][0;39m [34mINFO [0;39m [1;37m[com.zaxxer.hikari.HikariDataSource.getConnection:[33m110[0;39m][0;39m - HikariPool-1 - Starting...
[2021-11-12 01:13:21:3673] [32m[main][0;39m [34mINFO [0;39m [1;37m[com.zaxxer.hikari.HikariDataSource.getConnection:[33m123[0;39m][0;39m - HikariPool-1 - Start completed.
[2021-11-12 01:13:21:3690] [32m[main][0;39m [34mINFO [0;39m [1;37m[org.hibernate.dialect.Dialect.<init>:[33m175[0;39m][0;39m - HHH000400: Using dialect: org.hibernate.dialect.MySQL8Dialect
[2021-11-12 01:13:22:4820] [32m[main][0;39m [34mINFO [0;39m [1;37m[org.hibernate.engine.transaction.jta.platform.internal.JtaPlatformInitiator.initiateService:[33m52[0;39m][0;39m - HHH000490: Using JtaPlatform implementation: [org.hibernate.engine.transaction.jta.platform.internal.NoJtaPlatform]
[2021-11-12 01:13:22:4829] [32m[main][0;39m [34mINFO [0;39m [1;37m[org.springframework.orm.jpa.AbstractEntityManagerFactoryBean.buildNativeEntityManagerFactory:[33m437[0;39m][0;39m - Initialized JPA EntityManagerFactory for persistence unit 'default'
[2021-11-12 01:13:23:6077] [32m[main][0;39m [34mINFO [0;39m [1;37m[org.springframework.boot.actuate.endpoint.web.EndpointLinksResolver.<init>:[33m58[0;39m][0;39m - Exposing 1 endpoint(s) beneath base path '/actuator'
[2021-11-12 01:13:23:6235] [32m[main][0;39m [34mINFO [0;39m [1;37m[org.springframework.security.web.DefaultSecurityFilterChain.<init>:[33m51[0;39m][0;39m - Will secure Ant [pattern='/h2-console/**'] with []
[2021-11-12 01:13:23:6236] [32m[main][0;39m [34mINFO [0;39m [1;37m[org.springframework.security.web.DefaultSecurityFilterChain.<init>:[33m51[0;39m][0;39m - Will secure Ant [pattern='/v2/api-docs'] with []
[2021-11-12 01:13:23:6236] [32m[main][0;39m [34mINFO [0;39m [1;37m[org.springframework.security.web.DefaultSecurityFilterChain.<init>:[33m51[0;39m][0;39m - Will secure Ant [pattern='/v3/api-docs'] with []
[2021-11-12 01:13:23:6237] [32m[main][0;39m [34mINFO [0;39m [1;37m[org.springframework.security.web.DefaultSecurityFilterChain.<init>:[33m51[0;39m][0;39m - Will secure Ant [pattern='/swagger-resources/**'] with []
[2021-11-12 01:13:23:6237] [32m[main][0;39m [34mINFO [0;39m [1;37m[org.springframework.security.web.DefaultSecurityFilterChain.<init>:[33m51[0;39m][0;39m - Will secure Ant [pattern='/swagger-ui.html'] with []
[2021-11-12 01:13:23:6237] [32m[main][0;39m [34mINFO [0;39m [1;37m[org.springframework.security.web.DefaultSecurityFilterChain.<init>:[33m51[0;39m][0;39m - Will secure Ant [pattern='/swagger-ui/index.html#/'] with []
[2021-11-12 01:13:23:6237] [32m[main][0;39m [34mINFO [0;39m [1;37m[org.springframework.security.web.DefaultSecurityFilterChain.<init>:[33m51[0;39m][0;39m - Will secure Ant [pattern='/webjars/**'] with []
[2021-11-12 01:13:23:6237] [32m[main][0;39m [34mINFO [0;39m [1;37m[org.springframework.security.web.DefaultSecurityFilterChain.<init>:[33m51[0;39m][0;39m - Will secure Ant [pattern='/swagger/**'] with []
[2021-11-12 01:13:23:6237] [32m[main][0;39m [34mINFO [0;39m [1;37m[org.springframework.security.web.DefaultSecurityFilterChain.<init>:[33m51[0;39m][0;39m - Will secure Ant [pattern='/configuration/**'] with []
[2021-11-12 01:13:23:6420] [32m[main][0;39m [34mINFO [0;39m [1;37m[org.springframework.security.web.DefaultSecurityFilterChain.<init>:[33m51[0;39m][0;39m - Will secure any request with [org.springframework.security.web.context.request.async.WebAsyncManagerIntegrationFilter@60cc20e1, org.springframework.security.web.context.SecurityContextPersistenceFilter@d70dbeb, org.springframework.security.web.header.HeaderWriterFilter@632dc41, org.springframework.web.filter.CorsFilter@25109d84, org.springframework.security.web.authentication.logout.LogoutFilter@2a30b0cb, com.project.joopging.security.JwtAuthenticationFilter@4a1934e2, org.springframework.security.web.savedrequest.RequestCacheAwareFilter@f9cd1e6, org.springframework.security.web.servletapi.SecurityContextHolderAwareRequestFilter@1b5cf611, org.springframework.security.web.authentication.AnonymousAuthenticationFilter@6963b0bd, org.springframework.security.web.session.SessionManagementFilter@5f65e0c0, org.springframework.security.web.access.ExceptionTranslationFilter@3f5ac587, org.springframework.security.web.access.intercept.FilterSecurityInterceptor@2b561f51]
[2021-11-12 01:13:24:6758] [32m[main][0;39m [34mINFO [0;39m [1;37m[org.apache.juli.logging.DirectJDKLog.log:[33m173[0;39m][0;39m - Starting ProtocolHandler ["http-nio-8080"]
[2021-11-12 01:13:24:6781] [32m[main][0;39m [34mINFO [0;39m [1;37m[org.springframework.boot.web.embedded.tomcat.TomcatWebServer.start:[33m220[0;39m][0;39m - Tomcat started on port(s): 8080 (http) with context path ''
[2021-11-12 01:13:24:7422] [32m[main][0;39m [34mINFO [0;39m [1;37m[org.springframework.boot.StartupInfoLogger.logStarted:[33m61[0;39m][0;39m - Started JoopgingApplication in 7.254 seconds (JVM running for 8.312)
[2021-11-12 01:13:25:7736] [32m[http-nio-8080-exec-1][0;39m [34mINFO [0;39m [1;37m[org.apache.juli.logging.DirectJDKLog.log:[33m173[0;39m][0;39m - Initializing Spring DispatcherServlet 'dispatcherServlet'
[2021-11-12 01:13:25:7736] [32m[http-nio-8080-exec-1][0;39m [34mINFO [0;39m [1;37m[org.springframework.web.servlet.FrameworkServlet.initServletBean:[33m525[0;39m][0;39m - Initializing Servlet 'dispatcherServlet'
[2021-11-12 01:13:25:7740] [32m[http-nio-8080-exec-1][0;39m [34mINFO [0;39m [1;37m[org.springframework.web.servlet.FrameworkServlet.initServletBean:[33m547[0;39m][0;39m - Completed initialization in 3 ms
[2021-11-12 11:44:26:613 ] [32m[main][0;39m [34mINFO [0;39m [1;37m[org.springframework.boot.StartupInfoLogger.logStarting:[33m55[0;39m][0;39m - Starting JoopgingApplication using Java 1.8.0_302 on DESKTOP-E13C831 with PID 3116 (C:\Users\rlatj\Desktop\SpringBoot\Joopging\Joopging-Server\build\classes\java\main started by rlatj in C:\Users\rlatj\Desktop\SpringBoot\Joopging\Joopging-Server)
[2021-11-12 11:44:26:616 ] [32m[main][0;39m [34mINFO [0;39m [1;37m[org.springframework.boot.SpringApplication.logStartupProfileInfo:[33m663[0;39m][0;39m - The following profiles are active: local
[2021-11-12 11:44:27:1800] [32m[main][0;39m [34mINFO [0;39m [1;37m[org.springframework.data.repository.config.RepositoryConfigurationDelegate.registerRepositoriesIn:[33m132[0;39m][0;39m - Bootstrapping Spring Data JPA repositories in DEFAULT mode.
[2021-11-12 11:44:27:1884] [32m[main][0;39m [34mINFO [0;39m [1;37m[org.springframework.data.repository.config.RepositoryConfigurationDelegate.registerRepositoriesIn:[33m201[0;39m][0;39m - Finished Spring Data repository scanning in 77 ms. Found 7 JPA repository interfaces.
[2021-11-12 11:44:28:2188] [32m[main][0;39m [34mINFO [0;39m [1;37m[org.springframework.context.support.PostProcessorRegistrationDelegate$BeanPostProcessorChecker.postProcessAfterInitialization:[33m376[0;39m][0;39m - Bean 'org.springframework.security.access.expression.method.DefaultMethodSecurityExpressionHandler@6c0e13b7' of type [org.springframework.security.access.expression.method.DefaultMethodSecurityExpressionHandler] is not eligible for getting processed by all BeanPostProcessors (for example: not eligible for auto-proxying)
[2021-11-12 11:44:28:2194] [32m[main][0;39m [34mINFO [0;39m [1;37m[org.springframework.context.support.PostProcessorRegistrationDelegate$BeanPostProcessorChecker.postProcessAfterInitialization:[33m376[0;39m][0;39m - Bean 'methodSecurityMetadataSource' of type [org.springframework.security.access.method.DelegatingMethodSecurityMetadataSource] is not eligible for getting processed by all BeanPostProcessors (for example: not eligible for auto-proxying)
[2021-11-12 11:44:28:2420] [32m[main][0;39m [34mINFO [0;39m [1;37m[org.springframework.boot.web.embedded.tomcat.TomcatWebServer.initialize:[33m108[0;39m][0;39m - Tomcat initialized with port(s): 8080 (http)
[2021-11-12 11:44:28:2428] [32m[main][0;39m [34mINFO [0;39m [1;37m[org.apache.juli.logging.DirectJDKLog.log:[33m173[0;39m][0;39m - Initializing ProtocolHandler ["http-nio-8080"]
[2021-11-12 11:44:28:2429] [32m[main][0;39m [34mINFO [0;39m [1;37m[org.apache.juli.logging.DirectJDKLog.log:[33m173[0;39m][0;39m - Starting service [Tomcat]
[2021-11-12 11:44:28:2429] [32m[main][0;39m [34mINFO [0;39m [1;37m[org.apache.juli.logging.DirectJDKLog.log:[33m173[0;39m][0;39m - Starting Servlet engine: [Apache Tomcat/9.0.54]
[2021-11-12 11:44:28:2532] [32m[main][0;39m [34mINFO [0;39m [1;37m[org.apache.juli.logging.DirectJDKLog.log:[33m173[0;39m][0;39m - Initializing Spring embedded WebApplicationContext
[2021-11-12 11:44:28:2532] [32m[main][0;39m [34mINFO [0;39m [1;37m[org.springframework.boot.web.servlet.context.ServletWebServerApplicationContext.prepareWebApplicationContext:[33m290[0;39m][0;39m - Root WebApplicationContext: initialization completed in 1871 ms
[2021-11-12 11:44:28:2805] [32m[main][0;39m [34mINFO [0;39m [1;37m[org.hibernate.jpa.internal.util.LogHelper.logPersistenceUnitInformation:[33m31[0;39m][0;39m - HHH000204: Processing PersistenceUnitInfo [name: default]
[2021-11-12 11:44:28:2857] [32m[main][0;39m [34mINFO [0;39m [1;37m[org.hibernate.Version.logVersion:[33m44[0;39m][0;39m - HHH000412: Hibernate ORM core version 5.4.32.Final
[2021-11-12 11:44:28:2998] [32m[main][0;39m [34mINFO [0;39m [1;37m[org.hibernate.annotations.common.reflection.java.JavaReflectionManager.<clinit>:[33m56[0;39m][0;39m - HCANN000001: Hibernate Commons Annotations {5.1.2.Final}
[2021-11-12 11:44:28:3101] [32m[main][0;39m [34mINFO [0;39m [1;37m[com.zaxxer.hikari.HikariDataSource.getConnection:[33m110[0;39m][0;39m - HikariPool-1 - Starting...
[2021-11-12 11:44:29:3470] [32m[main][0;39m [34mINFO [0;39m [1;37m[com.zaxxer.hikari.HikariDataSource.getConnection:[33m123[0;39m][0;39m - HikariPool-1 - Start completed.
[2021-11-12 11:44:29:3491] [32m[main][0;39m [34mINFO [0;39m [1;37m[org.hibernate.dialect.Dialect.<init>:[33m175[0;39m][0;39m - HHH000400: Using dialect: org.hibernate.dialect.MySQL8Dialect
[2021-11-12 11:44:30:4534] [32m[main][0;39m [34mINFO [0;39m [1;37m[org.hibernate.engine.transaction.jta.platform.internal.JtaPlatformInitiator.initiateService:[33m52[0;39m][0;39m - HHH000490: Using JtaPlatform implementation: [org.hibernate.engine.transaction.jta.platform.internal.NoJtaPlatform]
[2021-11-12 11:44:30:4553] [32m[main][0;39m [34mINFO [0;39m [1;37m[org.springframework.orm.jpa.AbstractEntityManagerFactoryBean.buildNativeEntityManagerFactory:[33m437[0;39m][0;39m - Initialized JPA EntityManagerFactory for persistence unit 'default'
[2021-11-12 11:44:31:5479] [32m[main][0;39m [34mINFO [0;39m [1;37m[org.springframework.boot.actuate.endpoint.web.EndpointLinksResolver.<init>:[33m58[0;39m][0;39m - Exposing 1 endpoint(s) beneath base path '/actuator'
[2021-11-12 11:44:31:5598] [32m[main][0;39m [34mINFO [0;39m [1;37m[org.springframework.security.web.DefaultSecurityFilterChain.<init>:[33m51[0;39m][0;39m - Will secure Ant [pattern='/h2-console/**'] with []
[2021-11-12 11:44:31:5599] [32m[main][0;39m [34mINFO [0;39m [1;37m[org.springframework.security.web.DefaultSecurityFilterChain.<init>:[33m51[0;39m][0;39m - Will secure Ant [pattern='/v2/api-docs'] with []
[2021-11-12 11:44:31:5599] [32m[main][0;39m [34mINFO [0;39m [1;37m[org.springframework.security.web.DefaultSecurityFilterChain.<init>:[33m51[0;39m][0;39m - Will secure Ant [pattern='/v3/api-docs'] with []
[2021-11-12 11:44:31:5599] [32m[main][0;39m [34mINFO [0;39m [1;37m[org.springframework.security.web.DefaultSecurityFilterChain.<init>:[33m51[0;39m][0;39m - Will secure Ant [pattern='/swagger-resources/**'] with []
[2021-11-12 11:44:31:5599] [32m[main][0;39m [34mINFO [0;39m [1;37m[org.springframework.security.web.DefaultSecurityFilterChain.<init>:[33m51[0;39m][0;39m - Will secure Ant [pattern='/swagger-ui.html'] with []
[2021-11-12 11:44:31:5599] [32m[main][0;39m [34mINFO [0;39m [1;37m[org.springframework.security.web.DefaultSecurityFilterChain.<init>:[33m51[0;39m][0;39m - Will secure Ant [pattern='/swagger-ui/index.html#/'] with []
[2021-11-12 11:44:31:5600] [32m[main][0;39m [34mINFO [0;39m [1;37m[org.springframework.security.web.DefaultSecurityFilterChain.<init>:[33m51[0;39m][0;39m - Will secure Ant [pattern='/webjars/**'] with []
[2021-11-12 11:44:31:5600] [32m[main][0;39m [34mINFO [0;39m [1;37m[org.springframework.security.web.DefaultSecurityFilterChain.<init>:[33m51[0;39m][0;39m - Will secure Ant [pattern='/swagger/**'] with []
[2021-11-12 11:44:31:5600] [32m[main][0;39m [34mINFO [0;39m [1;37m[org.springframework.security.web.DefaultSecurityFilterChain.<init>:[33m51[0;39m][0;39m - Will secure Ant [pattern='/configuration/**'] with []
[2021-11-12 11:44:31:5714] [32m[main][0;39m [34mINFO [0;39m [1;37m[org.springframework.security.web.DefaultSecurityFilterChain.<init>:[33m51[0;39m][0;39m - Will secure any request with [org.springframework.security.web.context.request.async.WebAsyncManagerIntegrationFilter@68a94e58, org.springframework.security.web.context.SecurityContextPersistenceFilter@f9cd1e6, org.springframework.security.web.header.HeaderWriterFilter@3aa1c45, org.springframework.web.filter.CorsFilter@49741274, org.springframework.security.web.authentication.logout.LogoutFilter@8e3449e, com.project.joopging.security.JwtAuthenticationFilter@4a49919c, org.springframework.security.web.savedrequest.RequestCacheAwareFilter@34d11c92, org.springframework.security.web.servletapi.SecurityContextHolderAwareRequestFilter@73b3ce31, org.springframework.security.web.authentication.AnonymousAuthenticationFilter@3e5b2630, org.springframework.security.web.session.SessionManagementFilter@d70dbeb, org.springframework.security.web.access.ExceptionTranslationFilter@3921e96f, org.springframework.security.web.access.intercept.FilterSecurityInterceptor@60cc20e1]
[2021-11-12 11:44:31:5942] [32m[main][0;39m [34mINFO [0;39m [1;37m[org.apache.juli.logging.DirectJDKLog.log:[33m173[0;39m][0;39m - Starting ProtocolHandler ["http-nio-8080"]
[2021-11-12 11:44:31:5957] [32m[main][0;39m [34mINFO [0;39m [1;37m[org.springframework.boot.web.embedded.tomcat.TomcatWebServer.start:[33m220[0;39m][0;39m - Tomcat started on port(s): 8080 (http) with context path ''
[2021-11-12 11:44:32:6224] [32m[main][0;39m [34mINFO [0;39m [1;37m[org.springframework.boot.StartupInfoLogger.logStarted:[33m61[0;39m][0;39m - Started JoopgingApplication in 6.064 seconds (JVM running for 6.876)
[2021-11-12 11:44:32:6561] [32m[RMI TCP Connection(1)-172.18.144.1][0;39m [34mINFO [0;39m [1;37m[org.apache.juli.logging.DirectJDKLog.log:[33m173[0;39m][0;39m - Initializing Spring DispatcherServlet 'dispatcherServlet'
[2021-11-12 11:44:32:6561] [32m[RMI TCP Connection(1)-172.18.144.1][0;39m [34mINFO [0;39m [1;37m[org.springframework.web.servlet.FrameworkServlet.initServletBean:[33m525[0;39m][0;39m - Initializing Servlet 'dispatcherServlet'
[2021-11-12 11:44:32:6563] [32m[RMI TCP Connection(1)-172.18.144.1][0;39m [34mINFO [0;39m [1;37m[org.springframework.web.servlet.FrameworkServlet.initServletBean:[33m547[0;39m][0;39m - Completed initialization in 1 ms
[2021-11-12 11:45:00:34691] [32m[SpringApplicationShutdownHook][0;39m [34mINFO [0;39m [1;37m[org.springframework.orm.jpa.AbstractEntityManagerFactoryBean.destroy:[33m651[0;39m][0;39m - Closing JPA EntityManagerFactory for persistence unit 'default'
[2021-11-12 11:45:00:34695] [32m[SpringApplicationShutdownHook][0;39m [34mINFO [0;39m [1;37m[com.zaxxer.hikari.HikariDataSource.close:[33m350[0;39m][0;39m - HikariPool-1 - Shutdown initiated...
[2021-11-12 11:45:00:34708] [32m[SpringApplicationShutdownHook][0;39m [34mINFO [0;39m [1;37m[com.zaxxer.hikari.HikariDataSource.close:[33m352[0;39m][0;39m - HikariPool-1 - Shutdown completed.
[2021-11-12 11:45:08:530 ] [32m[main][0;39m [34mINFO [0;39m [1;37m[org.springframework.boot.StartupInfoLogger.logStarting:[33m55[0;39m][0;39m - Starting JoopgingApplication using Java 1.8.0_302 on DESKTOP-E13C831 with PID 16332 (C:\Users\rlatj\Desktop\SpringBoot\Joopging\Joopging-Server\build\classes\java\main started by rlatj in C:\Users\rlatj\Desktop\SpringBoot\Joopging\Joopging-Server)
[2021-11-12 11:45:08:533 ] [32m[main][0;39m [34mINFO [0;39m [1;37m[org.springframework.boot.SpringApplication.logStartupProfileInfo:[33m663[0;39m][0;39m - The following profiles are active: local
[2021-11-12 11:45:09:1642] [32m[main][0;39m [34mINFO [0;39m [1;37m[org.springframework.data.repository.config.RepositoryConfigurationDelegate.registerRepositoriesIn:[33m132[0;39m][0;39m - Bootstrapping Spring Data JPA repositories in DEFAULT mode.
[2021-11-12 11:45:09:1720] [32m[main][0;39m [34mINFO [0;39m [1;37m[org.springframework.data.repository.config.RepositoryConfigurationDelegate.registerRepositoriesIn:[33m201[0;39m][0;39m - Finished Spring Data repository scanning in 72 ms. Found 7 JPA repository interfaces.
[2021-11-12 11:45:09:2014] [32m[main][0;39m [34mINFO [0;39m [1;37m[org.springframework.context.support.PostProcessorRegistrationDelegate$BeanPostProcessorChecker.postProcessAfterInitialization:[33m376[0;39m][0;39m - Bean 'org.springframework.security.access.expression.method.DefaultMethodSecurityExpressionHandler@6c0e13b7' of type [org.springframework.security.access.expression.method.DefaultMethodSecurityExpressionHandler] is not eligible for getting processed by all BeanPostProcessors (for example: not eligible for auto-proxying)
[2021-11-12 11:45:09:2019] [32m[main][0;39m [34mINFO [0;39m [1;37m[org.springframework.context.support.PostProcessorRegistrationDelegate$BeanPostProcessorChecker.postProcessAfterInitialization:[33m376[0;39m][0;39m - Bean 'methodSecurityMetadataSource' of type [org.springframework.security.access.method.DelegatingMethodSecurityMetadataSource] is not eligible for getting processed by all BeanPostProcessors (for example: not eligible for auto-proxying)
[2021-11-12 11:45:09:2219] [32m[main][0;39m [34mINFO [0;39m [1;37m[org.springframework.boot.web.embedded.tomcat.TomcatWebServer.initialize:[33m108[0;39m][0;39m - Tomcat initialized with port(s): 8080 (http)
[2021-11-12 11:45:09:2226] [32m[main][0;39m [34mINFO [0;39m [1;37m[org.apache.juli.logging.DirectJDKLog.log:[33m173[0;39m][0;39m - Initializing ProtocolHandler ["http-nio-8080"]
[2021-11-12 11:45:09:2227] [32m[main][0;39m [34mINFO [0;39m [1;37m[org.apache.juli.logging.DirectJDKLog.log:[33m173[0;39m][0;39m - Starting service [Tomcat]
[2021-11-12 11:45:09:2227] [32m[main][0;39m [34mINFO [0;39m [1;37m[org.apache.juli.logging.DirectJDKLog.log:[33m173[0;39m][0;39m - Starting Servlet engine: [Apache Tomcat/9.0.54]
[2021-11-12 11:45:10:2323] [32m[main][0;39m [34mINFO [0;39m [1;37m[org.apache.juli.logging.DirectJDKLog.log:[33m173[0;39m][0;39m - Initializing Spring embedded WebApplicationContext
[2021-11-12 11:45:10:2324] [32m[main][0;39m [34mINFO [0;39m [1;37m[org.springframework.boot.web.servlet.context.ServletWebServerApplicationContext.prepareWebApplicationContext:[33m290[0;39m][0;39m - Root WebApplicationContext: initialization completed in 1749 ms
[2021-11-12 11:45:10:2575] [32m[main][0;39m [34mINFO [0;39m [1;37m[org.hibernate.jpa.internal.util.LogHelper.logPersistenceUnitInformation:[33m31[0;39m][0;39m - HHH000204: Processing PersistenceUnitInfo [name: default]
[2021-11-12 11:45:10:2615] [32m[main][0;39m [34mINFO [0;39m [1;37m[org.hibernate.Version.logVersion:[33m44[0;39m][0;39m - HHH000412: Hibernate ORM core version 5.4.32.Final
[2021-11-12 11:45:10:2749] [32m[main][0;39m [34mINFO [0;39m [1;37m[org.hibernate.annotations.common.reflection.java.JavaReflectionManager.<clinit>:[33m56[0;39m][0;39m - HCANN000001: Hibernate Commons Annotations {5.1.2.Final}
[2021-11-12 11:45:10:2833] [32m[main][0;39m [34mINFO [0;39m [1;37m[com.zaxxer.hikari.HikariDataSource.getConnection:[33m110[0;39m][0;39m - HikariPool-1 - Starting...
[2021-11-12 11:45:10:3234] [32m[main][0;39m [34mINFO [0;39m [1;37m[com.zaxxer.hikari.HikariDataSource.getConnection:[33m123[0;39m][0;39m - HikariPool-1 - Start completed.
[2021-11-12 11:45:10:3253] [32m[main][0;39m [34mINFO [0;39m [1;37m[org.hibernate.dialect.Dialect.<init>:[33m175[0;39m][0;39m - HHH000400: Using dialect: org.hibernate.dialect.MySQL8Dialect
[2021-11-12 11:45:11:4273] [32m[main][0;39m [34mINFO [0;39m [1;37m[org.hibernate.engine.transaction.jta.platform.internal.JtaPlatformInitiator.initiateService:[33m52[0;39m][0;39m - HHH000490: Using JtaPlatform implementation: [org.hibernate.engine.transaction.jta.platform.internal.NoJtaPlatform]
[2021-11-12 11:45:11:4306] [32m[main][0;39m [34mINFO [0;39m [1;37m[org.springframework.orm.jpa.AbstractEntityManagerFactoryBean.buildNativeEntityManagerFactory:[33m437[0;39m][0;39m - Initialized JPA EntityManagerFactory for persistence unit 'default'
[2021-11-12 11:45:12:5232] [32m[main][0;39m [34mINFO [0;39m [1;37m[org.springframework.boot.actuate.endpoint.web.EndpointLinksResolver.<init>:[33m58[0;39m][0;39m - Exposing 1 endpoint(s) beneath base path '/actuator'
[2021-11-12 11:45:13:5339] [32m[main][0;39m [34mINFO [0;39m [1;37m[org.springframework.security.web.DefaultSecurityFilterChain.<init>:[33m51[0;39m][0;39m - Will secure Ant [pattern='/h2-console/**'] with []
[2021-11-12 11:45:13:5339] [32m[main][0;39m [34mINFO [0;39m [1;37m[org.springframework.security.web.DefaultSecurityFilterChain.<init>:[33m51[0;39m][0;39m - Will secure Ant [pattern='/v2/api-docs'] with []
[2021-11-12 11:45:13:5339] [32m[main][0;39m [34mINFO [0;39m [1;37m[org.springframework.security.web.DefaultSecurityFilterChain.<init>:[33m51[0;39m][0;39m - Will secure Ant [pattern='/v3/api-docs'] with []
[2021-11-12 11:45:13:5339] [32m[main][0;39m [34mINFO [0;39m [1;37m[org.springframework.security.web.DefaultSecurityFilterChain.<init>:[33m51[0;39m][0;39m - Will secure Ant [pattern='/swagger-resources/**'] with []
[2021-11-12 11:45:13:5339] [32m[main][0;39m [34mINFO [0;39m [1;37m[org.springframework.security.web.DefaultSecurityFilterChain.<init>:[33m51[0;39m][0;39m - Will secure Ant [pattern='/swagger-ui.html'] with []
[2021-11-12 11:45:13:5340] [32m[main][0;39m [34mINFO [0;39m [1;37m[org.springframework.security.web.DefaultSecurityFilterChain.<init>:[33m51[0;39m][0;39m - Will secure Ant [pattern='/swagger-ui/index.html#/'] with []
[2021-11-12 11:45:13:5340] [32m[main][0;39m [34mINFO [0;39m [1;37m[org.springframework.security.web.DefaultSecurityFilterChain.<init>:[33m51[0;39m][0;39m - Will secure Ant [pattern='/webjars/**'] with []
[2021-11-12 11:45:13:5340] [32m[main][0;39m [34mINFO [0;39m [1;37m[org.springframework.security.web.DefaultSecurityFilterChain.<init>:[33m51[0;39m][0;39m - Will secure Ant [pattern='/swagger/**'] with []
[2021-11-12 11:45:13:5340] [32m[main][0;39m [34mINFO [0;39m [1;37m[org.springframework.security.web.DefaultSecurityFilterChain.<init>:[33m51[0;39m][0;39m - Will secure Ant [pattern='/configuration/**'] with []
[2021-11-12 11:45:13:5442] [32m[main][0;39m [34mINFO [0;39m [1;37m[org.springframework.security.web.DefaultSecurityFilterChain.<init>:[33m51[0;39m][0;39m - Will secure any request with [org.springframework.security.web.context.request.async.WebAsyncManagerIntegrationFilter@6963b0bd, org.springframework.security.web.context.SecurityContextPersistenceFilter@f9cd1e6, org.springframework.security.web.header.HeaderWriterFilter@3aa1c45, org.springframework.web.filter.CorsFilter@68a94e58, org.springframework.security.web.authentication.logout.LogoutFilter@8e3449e, com.project.joopging.security.JwtAuthenticationFilter@49741274, org.springframework.security.web.savedrequest.RequestCacheAwareFilter@34d11c92, org.springframework.security.web.servletapi.SecurityContextHolderAwareRequestFilter@73b3ce31, org.springframework.security.web.authentication.AnonymousAuthenticationFilter@4a49919c, org.springframework.security.web.session.SessionManagementFilter@d70dbeb, org.springframework.security.web.access.ExceptionTranslationFilter@3921e96f, org.springframework.security.web.access.intercept.FilterSecurityInterceptor@7b7b1448]
[2021-11-12 11:45:13:5668] [32m[main][0;39m [34mINFO [0;39m [1;37m[org.apache.juli.logging.DirectJDKLog.log:[33m173[0;39m][0;39m - Starting ProtocolHandler ["http-nio-8080"]
[2021-11-12 11:45:13:5684] [32m[main][0;39m [34mINFO [0;39m [1;37m[org.springframework.boot.web.embedded.tomcat.TomcatWebServer.start:[33m220[0;39m][0;39m - Tomcat started on port(s): 8080 (http) with context path ''
[2021-11-12 11:45:13:5954] [32m[main][0;39m [34mINFO [0;39m [1;37m[org.springframework.boot.StartupInfoLogger.logStarted:[33m61[0;39m][0;39m - Started JoopgingApplication in 5.829 seconds (JVM running for 6.496)
[2021-11-12 11:45:14:6406] [32m[RMI TCP Connection(4)-172.18.144.1][0;39m [34mINFO [0;39m [1;37m[org.apache.juli.logging.DirectJDKLog.log:[33m173[0;39m][0;39m - Initializing Spring DispatcherServlet 'dispatcherServlet'
[2021-11-12 11:45:14:6406] [32m[RMI TCP Connection(4)-172.18.144.1][0;39m [34mINFO [0;39m [1;37m[org.springframework.web.servlet.FrameworkServlet.initServletBean:[33m525[0;39m][0;39m - Initializing Servlet 'dispatcherServlet'
[2021-11-12 11:45:14:6408] [32m[RMI TCP Connection(4)-172.18.144.1][0;39m [34mINFO [0;39m [1;37m[org.springframework.web.servlet.FrameworkServlet.initServletBean:[33m547[0;39m][0;39m - Completed initialization in 2 ms
[2021-11-12 15:49:51:14683912] [32m[http-nio-8080-exec-241][0;39m [34mINFO [0;39m [1;37m[com.project.joopging.controller.UserController.createUser:[33m47[0;39m][0;39m - [jmeter]님 환영합니다 !
[2021-11-12 15:58:04:15177258] [32m[http-nio-8080-exec-197][0;39m [34mINFO [0;39m [1;37m[com.project.joopging.controller.UserController.createUser:[33m47[0;39m][0;39m - [jmeter]님 환영합니다 !
[2021-11-12 16:07:26:15739203] [32m[http-nio-8080-exec-239][0;39m [34mINFO [0;39m [1;37m[com.project.joopging.controller.UserController.createUser:[33m47[0;39m][0;39m - [jmeter]님 환영합니다 !
[2021-11-12 16:12:21:16034088] [32m[http-nio-8080-exec-240][0;39m [34mINFO [0;39m [1;37m[com.project.joopging.controller.UserController.createUser:[33m47[0;39m][0;39m - [jmeter]님 환영합니다 !
[2021-11-12 16:12:37:16050251] [32m[http-nio-8080-exec-241][0;39m [34mINFO [0;39m [1;37m[com.project.joopging.controller.UserController.createUser:[33m47[0;39m][0;39m - [jmeter]님 환영합니다 !
[2021-11-12 16:31:08:17160462] [32m[http-nio-8080-exec-196][0;39m [34mINFO [0;39m [1;37m[com.project.joopging.controller.UserController.createUser:[33m47[0;39m][0;39m - [jmeter]님 환영합니다 !
[2021-11-12 16:33:46:17318530] [32m[http-nio-8080-exec-242][0;39m [34mINFO [0;39m [1;37m[com.project.joopging.controller.UserController.createUser:[33m47[0;39m][0;39m - [jmeter]님 환영합니다 !
[2021-11-12 16:35:56:17448506] [32m[http-nio-8080-exec-195][0;39m [34mINFO [0;39m [1;37m[org.hibernate.engine.jdbc.batch.internal.AbstractBatchImpl.release:[33m208[0;39m][0;39m - HHH000010: On release of batch it still contained JDBC statements
[2021-11-12 16:37:28:17541074] [32m[http-nio-8080-exec-243][0;39m [34mINFO [0;39m [1;37m[org.hibernate.engine.jdbc.batch.internal.AbstractBatchImpl.release:[33m208[0;39m][0;39m - HHH000010: On release of batch it still contained JDBC statements
[2021-11-12 16:43:58:17931296] [32m[SpringApplicationShutdownHook][0;39m [34mINFO [0;39m [1;37m[org.springframework.orm.jpa.AbstractEntityManagerFactoryBean.destroy:[33m651[0;39m][0;39m - Closing JPA EntityManagerFactory for persistence unit 'default'
[2021-11-12 16:43:58:17931299] [32m[SpringApplicationShutdownHook][0;39m [34mINFO [0;39m [1;37m[com.zaxxer.hikari.HikariDataSource.close:[33m350[0;39m][0;39m - HikariPool-1 - Shutdown initiated...
[2021-11-12 16:43:58:17931303] [32m[SpringApplicationShutdownHook][0;39m [34mINFO [0;39m [1;37m[com.zaxxer.hikari.HikariDataSource.close:[33m352[0;39m][0;39m - HikariPool-1 - Shutdown completed.
[2021-11-12 16:44:08:562 ] [32m[main][0;39m [34mINFO [0;39m [1;37m[org.springframework.boot.StartupInfoLogger.logStarting:[33m55[0;39m][0;39m - Starting JoopgingApplication using Java 1.8.0_302 on DESKTOP-E13C831 with PID 4244 (C:\Users\rlatj\Desktop\SpringBoot\Joopging\Joopging-Server\build\classes\java\main started by rlatj in C:\Users\rlatj\Desktop\SpringBoot\Joopging\Joopging-Server)
[2021-11-12 16:44:08:564 ] [32m[main][0;39m [34mINFO [0;39m [1;37m[org.springframework.boot.SpringApplication.logStartupProfileInfo:[33m663[0;39m][0;39m - The following profiles are active: local
[2021-11-12 16:44:09:1596] [32m[main][0;39m [34mINFO [0;39m [1;37m[org.springframework.data.repository.config.RepositoryConfigurationDelegate.registerRepositoriesIn:[33m132[0;39m][0;39m - Bootstrapping Spring Data JPA repositories in DEFAULT mode.
[2021-11-12 16:44:10:1686] [32m[main][0;39m [34mINFO [0;39m [1;37m[org.springframework.data.repository.config.RepositoryConfigurationDelegate.registerRepositoriesIn:[33m201[0;39m][0;39m - Finished Spring Data repository scanning in 84 ms. Found 7 JPA repository interfaces.
[2021-11-12 16:44:10:1981] [32m[main][0;39m [34mINFO [0;39m [1;37m[org.springframework.context.support.PostProcessorRegistrationDelegate$BeanPostProcessorChecker.postProcessAfterInitialization:[33m376[0;39m][0;39m - Bean 'org.springframework.security.access.expression.method.DefaultMethodSecurityExpressionHandler@22eaa86e' of type [org.springframework.security.access.expression.method.DefaultMethodSecurityExpressionHandler] is not eligible for getting processed by all BeanPostProcessors (for example: not eligible for auto-proxying)
[2021-11-12 16:44:10:1986] [32m[main][0;39m [34mINFO [0;39m [1;37m[org.springframework.context.support.PostProcessorRegistrationDelegate$BeanPostProcessorChecker.postProcessAfterInitialization:[33m376[0;39m][0;39m - Bean 'methodSecurityMetadataSource' of type [org.springframework.security.access.method.DelegatingMethodSecurityMetadataSource] is not eligible for getting processed by all BeanPostProcessors (for example: not eligible for auto-proxying)
[2021-11-12 16:44:10:2183] [32m[main][0;39m [34mINFO [0;39m [1;37m[org.springframework.boot.web.embedded.tomcat.TomcatWebServer.initialize:[33m108[0;39m][0;39m - Tomcat initialized with port(s): 8080 (http)
[2021-11-12 16:44:10:2190] [32m[main][0;39m [34mINFO [0;39m [1;37m[org.apache.juli.logging.DirectJDKLog.log:[33m173[0;39m][0;39m - Initializing ProtocolHandler ["http-nio-8080"]
[2021-11-12 16:44:10:2191] [32m[main][0;39m [34mINFO [0;39m [1;37m[org.apache.juli.logging.DirectJDKLog.log:[33m173[0;39m][0;39m - Starting service [Tomcat]
[2021-11-12 16:44:10:2191] [32m[main][0;39m [34mINFO [0;39m [1;37m[org.apache.juli.logging.DirectJDKLog.log:[33m173[0;39m][0;39m - Starting Servlet engine: [Apache Tomcat/9.0.54]
[2021-11-12 16:44:10:2297] [32m[main][0;39m [34mINFO [0;39m [1;37m[org.apache.juli.logging.DirectJDKLog.log:[33m173[0;39m][0;39m - Initializing Spring embedded WebApplicationContext
[2021-11-12 16:44:10:2297] [32m[main][0;39m [34mINFO [0;39m [1;37m[org.springframework.boot.web.servlet.context.ServletWebServerApplicationContext.prepareWebApplicationContext:[33m290[0;39m][0;39m - Root WebApplicationContext: initialization completed in 1696 ms
[2021-11-12 16:44:10:2564] [32m[main][0;39m [34mINFO [0;39m [1;37m[org.hibernate.jpa.internal.util.LogHelper.logPersistenceUnitInformation:[33m31[0;39m][0;39m - HHH000204: Processing PersistenceUnitInfo [name: default]
[2021-11-12 16:44:11:2604] [32m[main][0;39m [34mINFO [0;39m [1;37m[org.hibernate.Version.logVersion:[33m44[0;39m][0;39m - HHH000412: Hibernate ORM core version 5.4.32.Final
[2021-11-12 16:44:11:2712] [32m[main][0;39m [34mINFO [0;39m [1;37m[org.hibernate.annotations.common.reflection.java.JavaReflectionManager.<clinit>:[33m56[0;39m][0;39m - HCANN000001: Hibernate Commons Annotations {5.1.2.Final}
[2021-11-12 16:44:11:2797] [32m[main][0;39m [34mINFO [0;39m [1;37m[com.zaxxer.hikari.HikariDataSource.getConnection:[33m110[0;39m][0;39m - HikariPool-1 - Starting...
[2021-11-12 16:44:11:3110] [32m[main][0;39m [34mINFO [0;39m [1;37m[com.zaxxer.hikari.HikariDataSource.getConnection:[33m123[0;39m][0;39m - HikariPool-1 - Start completed.
[2021-11-12 16:44:11:3128] [32m[main][0;39m [34mINFO [0;39m [1;37m[org.hibernate.dialect.Dialect.<init>:[33m175[0;39m][0;39m - HHH000400: Using dialect: org.hibernate.dialect.MySQL8Dialect
[2021-11-12 16:44:12:4210] [32m[main][0;39m [34mINFO [0;39m [1;37m[org.hibernate.engine.transaction.jta.platform.internal.JtaPlatformInitiator.initiateService:[33m52[0;39m][0;39m - HHH000490: Using JtaPlatform implementation: [org.hibernate.engine.transaction.jta.platform.internal.NoJtaPlatform]
[2021-11-12 16:44:12:4219] [32m[main][0;39m [34mINFO [0;39m [1;37m[org.springframework.orm.jpa.AbstractEntityManagerFactoryBean.buildNativeEntityManagerFactory:[33m437[0;39m][0;39m - Initialized JPA EntityManagerFactory for persistence unit 'default'
[2021-11-12 16:44:13:5099] [32m[main][0;39m [34mINFO [0;39m [1;37m[org.springframework.boot.actuate.endpoint.web.EndpointLinksResolver.<init>:[33m58[0;39m][0;39m - Exposing 1 endpoint(s) beneath base path '/actuator'
[2021-11-12 16:44:13:5204] [32m[main][0;39m [34mINFO [0;39m [1;37m[org.springframework.security.web.DefaultSecurityFilterChain.<init>:[33m51[0;39m][0;39m - Will secure Ant [pattern='/h2-console/**'] with []
[2021-11-12 16:44:13:5204] [32m[main][0;39m [34mINFO [0;39m [1;37m[org.springframework.security.web.DefaultSecurityFilterChain.<init>:[33m51[0;39m][0;39m - Will secure Ant [pattern='/v2/api-docs'] with []
[2021-11-12 16:44:13:5205] [32m[main][0;39m [34mINFO [0;39m [1;37m[org.springframework.security.web.DefaultSecurityFilterChain.<init>:[33m51[0;39m][0;39m - Will secure Ant [pattern='/v3/api-docs'] with []
[2021-11-12 16:44:13:5205] [32m[main][0;39m [34mINFO [0;39m [1;37m[org.springframework.security.web.DefaultSecurityFilterChain.<init>:[33m51[0;39m][0;39m - Will secure Ant [pattern='/swagger-resources/**'] with []
[2021-11-12 16:44:13:5205] [32m[main][0;39m [34mINFO [0;39m [1;37m[org.springframework.security.web.DefaultSecurityFilterChain.<init>:[33m51[0;39m][0;39m - Will secure Ant [pattern='/swagger-ui.html'] with []
[2021-11-12 16:44:13:5205] [32m[main][0;39m [34mINFO [0;39m [1;37m[org.springframework.security.web.DefaultSecurityFilterChain.<init>:[33m51[0;39m][0;39m - Will secure Ant [pattern='/swagger-ui/index.html#/'] with []
[2021-11-12 16:44:13:5205] [32m[main][0;39m [34mINFO [0;39m [1;37m[org.springframework.security.web.DefaultSecurityFilterChain.<init>:[33m51[0;39m][0;39m - Will secure Ant [pattern='/webjars/**'] with []
[2021-11-12 16:44:13:5205] [32m[main][0;39m [34mINFO [0;39m [1;37m[org.springframework.security.web.DefaultSecurityFilterChain.<init>:[33m51[0;39m][0;39m - Will secure Ant [pattern='/swagger/**'] with []
[2021-11-12 16:44:13:5205] [32m[main][0;39m [34mINFO [0;39m [1;37m[org.springframework.security.web.DefaultSecurityFilterChain.<init>:[33m51[0;39m][0;39m - Will secure Ant [pattern='/configuration/**'] with []
[2021-11-12 16:44:13:5305] [32m[main][0;39m [34mINFO [0;39m [1;37m[org.springframework.security.web.DefaultSecurityFilterChain.<init>:[33m51[0;39m][0;39m - Will secure any request with [org.springframework.security.web.context.request.async.WebAsyncManagerIntegrationFilter@5fd31df7, org.springframework.security.web.context.SecurityContextPersistenceFilter@65da1cbe, org.springframework.security.web.header.HeaderWriterFilter@31b289da, org.springframework.web.filter.CorsFilter@61d150af, org.springframework.security.web.authentication.logout.LogoutFilter@102aa5fc, com.project.joopging.security.JwtAuthenticationFilter@2c8f65da, org.springframework.security.web.savedrequest.RequestCacheAwareFilter@1d67348a, org.springframework.security.web.servletapi.SecurityContextHolderAwareRequestFilter@7591cbd1, org.springframework.security.web.authentication.AnonymousAuthenticationFilter@587400a9, org.springframework.security.web.session.SessionManagementFilter@3a17acd4, org.springframework.security.web.access.ExceptionTranslationFilter@7f8f5d37, org.springframework.security.web.access.intercept.FilterSecurityInterceptor@656302c]
[2021-11-12 16:44:13:5513] [32m[main][0;39m [34mINFO [0;39m [1;37m[org.apache.juli.logging.DirectJDKLog.log:[33m173[0;39m][0;39m - Starting ProtocolHandler ["http-nio-8080"]
[2021-11-12 16:44:13:5528] [32m[main][0;39m [34mINFO [0;39m [1;37m[org.springframework.boot.web.embedded.tomcat.TomcatWebServer.start:[33m220[0;39m][0;39m - Tomcat started on port(s): 8080 (http) with context path ''
[2021-11-12 16:44:14:5778] [32m[main][0;39m [34mINFO [0;39m [1;37m[org.springframework.boot.StartupInfoLogger.logStarted:[33m61[0;39m][0;39m - Started JoopgingApplication in 5.65 seconds (JVM running for 6.289)
[2021-11-12 16:44:14:6032] [32m[RMI TCP Connection(2)-172.18.144.1][0;39m [34mINFO [0;39m [1;37m[org.apache.juli.logging.DirectJDKLog.log:[33m173[0;39m][0;39m - Initializing Spring DispatcherServlet 'dispatcherServlet'
[2021-11-12 16:44:14:6032] [32m[RMI TCP Connection(2)-172.18.144.1][0;39m [34mINFO [0;39m [1;37m[org.springframework.web.servlet.FrameworkServlet.initServletBean:[33m525[0;39m][0;39m - Initializing Servlet 'dispatcherServlet'
[2021-11-12 16:44:14:6034] [32m[RMI TCP Connection(2)-172.18.144.1][0;39m [34mINFO [0;39m [1;37m[org.springframework.web.servlet.FrameworkServlet.initServletBean:[33m547[0;39m][0;39m - Completed initialization in 2 ms
[2021-11-12 16:44:34:26054] [32m[http-nio-8080-exec-7][0;39m [34mINFO [0;39m [1;37m[org.hibernate.engine.jdbc.batch.internal.AbstractBatchImpl.release:[33m208[0;39m][0;39m - HHH000010: On release of batch it still contained JDBC statements
[2021-11-12 16:49:03:295526] [32m[http-nio-8080-exec-1][0;39m [34mINFO [0;39m [1;37m[org.hibernate.engine.jdbc.batch.internal.AbstractBatchImpl.release:[33m208[0;39m][0;39m - HHH000010: On release of batch it still contained JDBC statements
[2021-11-12 16:54:55:647389] [32m[http-nio-8080-exec-5][0;39m [34mINFO [0;39m [1;37m[org.hibernate.engine.jdbc.batch.internal.AbstractBatchImpl.release:[33m208[0;39m][0;39m - HHH000010: On release of batch it still contained JDBC statements
[2021-11-12 17:04:50:1241814] [32m[http-nio-8080-exec-7][0;39m [34mINFO [0;39m [1;37m[org.hibernate.engine.jdbc.batch.internal.AbstractBatchImpl.release:[33m208[0;39m][0;39m - HHH000010: On release of batch it still contained JDBC statements
[2021-11-12 18:07:17:4989305] [32m[http-nio-8080-exec-1][0;39m [34mINFO [0;39m [1;37m[org.hibernate.engine.jdbc.batch.internal.AbstractBatchImpl.release:[33m208[0;39m][0;39m - HHH000010: On release of batch it still contained JDBC statements
[2021-11-12 18:13:31:5362761] [32m[SpringApplicationShutdownHook][0;39m [34mINFO [0;39m [1;37m[org.springframework.orm.jpa.AbstractEntityManagerFactoryBean.destroy:[33m651[0;39m][0;39m - Closing JPA EntityManagerFactory for persistence unit 'default'
[2021-11-12 18:13:31:5362765] [32m[SpringApplicationShutdownHook][0;39m [34mINFO [0;39m [1;37m[com.zaxxer.hikari.HikariDataSource.close:[33m350[0;39m][0;39m - HikariPool-1 - Shutdown initiated...
[2021-11-12 18:13:31:5362770] [32m[SpringApplicationShutdownHook][0;39m [34mINFO [0;39m [1;37m[com.zaxxer.hikari.HikariDataSource.close:[33m352[0;39m][0;39m - HikariPool-1 - Shutdown completed.
[2021-11-12 18:13:35:523 ] [32m[main][0;39m [34mINFO [0;39m [1;37m[org.springframework.boot.StartupInfoLogger.logStarting:[33m55[0;39m][0;39m - Starting JoopgingApplication using Java 1.8.0_302 on DESKTOP-E13C831 with PID 13592 (C:\Users\rlatj\Desktop\SpringBoot\Joopging\Joopging-Server\build\classes\java\main started by rlatj in C:\Users\rlatj\Desktop\SpringBoot\Joopging\Joopging-Server)
[2021-11-12 18:13:35:526 ] [32m[main][0;39m [34mINFO [0;39m [1;37m[org.springframework.boot.SpringApplication.logStartupProfileInfo:[33m663[0;39m][0;39m - The following profiles are active: local
[2021-11-12 18:13:36:1535] [32m[main][0;39m [34mINFO [0;39m [1;37m[org.springframework.data.repository.config.RepositoryConfigurationDelegate.registerRepositoriesIn:[33m132[0;39m][0;39m - Bootstrapping Spring Data JPA repositories in DEFAULT mode.
[2021-11-12 18:13:37:1613] [32m[main][0;39m [34mINFO [0;39m [1;37m[org.springframework.data.repository.config.RepositoryConfigurationDelegate.registerRepositoriesIn:[33m201[0;39m][0;39m - Finished Spring Data repository scanning in 71 ms. Found 7 JPA repository interfaces.
[2021-11-12 18:13:37:1897] [32m[main][0;39m [34mINFO [0;39m [1;37m[org.springframework.context.support.PostProcessorRegistrationDelegate$BeanPostProcessorChecker.postProcessAfterInitialization:[33m376[0;39m][0;39m - Bean 'org.springframework.security.access.expression.method.DefaultMethodSecurityExpressionHandler@333c8791' of type [org.springframework.security.access.expression.method.DefaultMethodSecurityExpressionHandler] is not eligible for getting processed by all BeanPostProcessors (for example: not eligible for auto-proxying)
[2021-11-12 18:13:37:1901] [32m[main][0;39m [34mINFO [0;39m [1;37m[org.springframework.context.support.PostProcessorRegistrationDelegate$BeanPostProcessorChecker.postProcessAfterInitialization:[33m376[0;39m][0;39m - Bean 'methodSecurityMetadataSource' of type [org.springframework.security.access.method.DelegatingMethodSecurityMetadataSource] is not eligible for getting processed by all BeanPostProcessors (for example: not eligible for auto-proxying)
[2021-11-12 18:13:37:2106] [32m[main][0;39m [34mINFO [0;39m [1;37m[org.springframework.boot.web.embedded.tomcat.TomcatWebServer.initialize:[33m108[0;39m][0;39m - Tomcat initialized with port(s): 8080 (http)
[2021-11-12 18:13:37:2114] [32m[main][0;39m [34mINFO [0;39m [1;37m[org.apache.juli.logging.DirectJDKLog.log:[33m173[0;39m][0;39m - Initializing ProtocolHandler ["http-nio-8080"]
[2021-11-12 18:13:37:2115] [32m[main][0;39m [34mINFO [0;39m [1;37m[org.apache.juli.logging.DirectJDKLog.log:[33m173[0;39m][0;39m - Starting service [Tomcat]
[2021-11-12 18:13:37:2115] [32m[main][0;39m [34mINFO [0;39m [1;37m[org.apache.juli.logging.DirectJDKLog.log:[33m173[0;39m][0;39m - Starting Servlet engine: [Apache Tomcat/9.0.54]
[2021-11-12 18:13:37:2219] [32m[main][0;39m [34mINFO [0;39m [1;37m[org.apache.juli.logging.DirectJDKLog.log:[33m173[0;39m][0;39m - Initializing Spring embedded WebApplicationContext
[2021-11-12 18:13:37:2219] [32m[main][0;39m [34mINFO [0;39m [1;37m[org.springframework.boot.web.servlet.context.ServletWebServerApplicationContext.prepareWebApplicationContext:[33m290[0;39m][0;39m - Root WebApplicationContext: initialization completed in 1656 ms
[2021-11-12 18:13:37:2479] [32m[main][0;39m [34mINFO [0;39m [1;37m[org.hibernate.jpa.internal.util.LogHelper.logPersistenceUnitInformation:[33m31[0;39m][0;39m - HHH000204: Processing PersistenceUnitInfo [name: default]
[2021-11-12 18:13:37:2530] [32m[main][0;39m [34mINFO [0;39m [1;37m[org.hibernate.Version.logVersion:[33m44[0;39m][0;39m - HHH000412: Hibernate ORM core version 5.4.32.Final
[2021-11-12 18:13:38:2670] [32m[main][0;39m [34mINFO [0;39m [1;37m[org.hibernate.annotations.common.reflection.java.JavaReflectionManager.<clinit>:[33m56[0;39m][0;39m - HCANN000001: Hibernate Commons Annotations {5.1.2.Final}
[2021-11-12 18:13:38:2769] [32m[main][0;39m [34mINFO [0;39m [1;37m[com.zaxxer.hikari.HikariDataSource.getConnection:[33m110[0;39m][0;39m - HikariPool-1 - Starting...
[2021-11-12 18:13:38:3077] [32m[main][0;39m [34mINFO [0;39m [1;37m[com.zaxxer.hikari.HikariDataSource.getConnection:[33m123[0;39m][0;39m - HikariPool-1 - Start completed.
[2021-11-12 18:13:38:3098] [32m[main][0;39m [34mINFO [0;39m [1;37m[org.hibernate.dialect.Dialect.<init>:[33m175[0;39m][0;39m - HHH000400: Using dialect: org.hibernate.dialect.MySQL8Dialect
[2021-11-12 18:13:39:4155] [32m[main][0;39m [34mINFO [0;39m [1;37m[org.hibernate.engine.transaction.jta.platform.internal.JtaPlatformInitiator.initiateService:[33m52[0;39m][0;39m - HHH000490: Using JtaPlatform implementation: [org.hibernate.engine.transaction.jta.platform.internal.NoJtaPlatform]
[2021-11-12 18:13:39:4178] [32m[main][0;39m [34mINFO [0;39m [1;37m[org.springframework.orm.jpa.AbstractEntityManagerFactoryBean.buildNativeEntityManagerFactory:[33m437[0;39m][0;39m - Initialized JPA EntityManagerFactory for persistence unit 'default'
[2021-11-12 18:13:40:5099] [32m[main][0;39m [34mINFO [0;39m [1;37m[org.springframework.boot.actuate.endpoint.web.EndpointLinksResolver.<init>:[33m58[0;39m][0;39m - Exposing 1 endpoint(s) beneath base path '/actuator'
[2021-11-12 18:13:40:5204] [32m[main][0;39m [34mINFO [0;39m [1;37m[org.springframework.security.web.DefaultSecurityFilterChain.<init>:[33m51[0;39m][0;39m - Will secure Ant [pattern='/h2-console/**'] with []
[2021-11-12 18:13:40:5204] [32m[main][0;39m [34mINFO [0;39m [1;37m[org.springframework.security.web.DefaultSecurityFilterChain.<init>:[33m51[0;39m][0;39m - Will secure Ant [pattern='/v2/api-docs'] with []
[2021-11-12 18:13:40:5205] [32m[main][0;39m [34mINFO [0;39m [1;37m[org.springframework.security.web.DefaultSecurityFilterChain.<init>:[33m51[0;39m][0;39m - Will secure Ant [pattern='/v3/api-docs'] with []
[2021-11-12 18:13:40:5205] [32m[main][0;39m [34mINFO [0;39m [1;37m[org.springframework.security.web.DefaultSecurityFilterChain.<init>:[33m51[0;39m][0;39m - Will secure Ant [pattern='/swagger-resources/**'] with []
[2021-11-12 18:13:40:5205] [32m[main][0;39m [34mINFO [0;39m [1;37m[org.springframework.security.web.DefaultSecurityFilterChain.<init>:[33m51[0;39m][0;39m - Will secure Ant [pattern='/swagger-ui.html'] with []
[2021-11-12 18:13:40:5205] [32m[main][0;39m [34mINFO [0;39m [1;37m[org.springframework.security.web.DefaultSecurityFilterChain.<init>:[33m51[0;39m][0;39m - Will secure Ant [pattern='/swagger-ui/index.html#/'] with []
[2021-11-12 18:13:40:5205] [32m[main][0;39m [34mINFO [0;39m [1;37m[org.springframework.security.web.DefaultSecurityFilterChain.<init>:[33m51[0;39m][0;39m - Will secure Ant [pattern='/webjars/**'] with []
[2021-11-12 18:13:40:5205] [32m[main][0;39m [34mINFO [0;39m [1;37m[org.springframework.security.web.DefaultSecurityFilterChain.<init>:[33m51[0;39m][0;39m - Will secure Ant [pattern='/swagger/**'] with []
[2021-11-12 18:13:40:5205] [32m[main][0;39m [34mINFO [0;39m [1;37m[org.springframework.security.web.DefaultSecurityFilterChain.<init>:[33m51[0;39m][0;39m - Will secure Ant [pattern='/configuration/**'] with []
[2021-11-12 18:13:40:5304] [32m[main][0;39m [34mINFO [0;39m [1;37m[org.springframework.security.web.DefaultSecurityFilterChain.<init>:[33m51[0;39m][0;39m - Will secure any request with [org.springframework.security.web.context.request.async.WebAsyncManagerIntegrationFilter@4e31b64d, org.springframework.security.web.context.SecurityContextPersistenceFilter@7f8f5d37, org.springframework.security.web.header.HeaderWriterFilter@35f6f105, org.springframework.web.filter.CorsFilter@434b2e0c, org.springframework.security.web.authentication.logout.LogoutFilter@73d7d676, com.project.joopging.security.JwtAuthenticationFilter@214e3185, org.springframework.security.web.savedrequest.RequestCacheAwareFilter@3ff53704, org.springframework.security.web.servletapi.SecurityContextHolderAwareRequestFilter@3d01ea33, org.springframework.security.web.authentication.AnonymousAuthenticationFilter@75345e47, org.springframework.security.web.session.SessionManagementFilter@566cc6af, org.springframework.security.web.access.ExceptionTranslationFilter@1fa58a48, org.springframework.security.web.access.intercept.FilterSecurityInterceptor@7d4bdbd8]
[2021-11-12 18:13:40:5519] [32m[main][0;39m [34mINFO [0;39m [1;37m[org.apache.juli.logging.DirectJDKLog.log:[33m173[0;39m][0;39m - Starting ProtocolHandler ["http-nio-8080"]
[2021-11-12 18:13:40:5533] [32m[main][0;39m [34mINFO [0;39m [1;37m[org.springframework.boot.web.embedded.tomcat.TomcatWebServer.start:[33m220[0;39m][0;39m - Tomcat started on port(s): 8080 (http) with context path ''
[2021-11-12 18:13:41:5799] [32m[main][0;39m [34mINFO [0;39m [1;37m[org.springframework.boot.StartupInfoLogger.logStarted:[33m61[0;39m][0;39m - Started JoopgingApplication in 5.673 seconds (JVM running for 6.36)
[2021-11-12 18:13:41:6440] [32m[RMI TCP Connection(3)-172.18.144.1][0;39m [34mINFO [0;39m [1;37m[org.apache.juli.logging.DirectJDKLog.log:[33m173[0;39m][0;39m - Initializing Spring DispatcherServlet 'dispatcherServlet'
[2021-11-12 18:13:41:6441] [32m[RMI TCP Connection(3)-172.18.144.1][0;39m [34mINFO [0;39m [1;37m[org.springframework.web.servlet.FrameworkServlet.initServletBean:[33m525[0;39m][0;39m - Initializing Servlet 'dispatcherServlet'
[2021-11-12 18:13:41:6442] [32m[RMI TCP Connection(3)-172.18.144.1][0;39m [34mINFO [0;39m [1;37m[org.springframework.web.servlet.FrameworkServlet.initServletBean:[33m547[0;39m][0;39m - Completed initialization in 1 ms
[2021-11-12 18:14:38:63034] [32m[http-nio-8080-exec-10][0;39m [34mINFO [0;39m [1;37m[org.hibernate.engine.jdbc.batch.internal.AbstractBatchImpl.release:[33m208[0;39m][0;39m - HHH000010: On release of batch it still contained JDBC statements
[2021-11-12 18:14:38:63119] [32m[http-nio-8080-exec-6][0;39m [34mINFO [0;39m [1;37m[org.hibernate.engine.jdbc.batch.internal.AbstractBatchImpl.release:[33m208[0;39m][0;39m - HHH000010: On release of batch it still contained JDBC statements
[2021-11-12 18:17:07:212416] [32m[http-nio-8080-exec-1][0;39m [34mINFO [0;39m [1;37m[org.hibernate.engine.jdbc.batch.internal.AbstractBatchImpl.release:[33m208[0;39m][0;39m - HHH000010: On release of batch it still contained JDBC statements
[2021-11-12 18:17:23:228547] [32m[http-nio-8080-exec-3][0;39m [34mINFO [0;39m [1;37m[org.hibernate.engine.jdbc.batch.internal.AbstractBatchImpl.release:[33m208[0;39m][0;39m - HHH000010: On release of batch it still contained JDBC statements
[2021-11-12 18:17:31:235938] [32m[http-nio-8080-exec-2][0;39m [34mINFO [0;39m [1;37m[org.hibernate.engine.jdbc.batch.internal.AbstractBatchImpl.release:[33m208[0;39m][0;39m - HHH000010: On release of batch it still contained JDBC statements
[2021-11-12 18:18:16:280960] [32m[http-nio-8080-exec-8][0;39m [34mINFO [0;39m [1;37m[org.hibernate.engine.jdbc.batch.internal.AbstractBatchImpl.release:[33m208[0;39m][0;39m - HHH000010: On release of batch it still contained JDBC statements
[2021-11-12 18:22:29:533762] [32m[http-nio-8080-exec-4][0;39m [34mINFO [0;39m [1;37m[org.hibernate.engine.jdbc.batch.internal.AbstractBatchImpl.release:[33m208[0;39m][0;39m - HHH000010: On release of batch it still contained JDBC statements
[2021-11-12 18:23:35:600181] [32m[http-nio-8080-exec-4][0;39m [34mINFO [0;39m [1;37m[org.hibernate.engine.jdbc.batch.internal.AbstractBatchImpl.release:[33m208[0;39m][0;39m - HHH000010: On release of batch it still contained JDBC statements
[2021-11-12 18:25:02:687333] [32m[http-nio-8080-exec-6][0;39m [34mINFO [0;39m [1;37m[org.hibernate.engine.jdbc.batch.internal.AbstractBatchImpl.release:[33m208[0;39m][0;39m - HHH000010: On release of batch it still contained JDBC statements
[2021-11-12 18:30:11:995649] [32m[SpringApplicationShutdownHook][0;39m [34mINFO [0;39m [1;37m[org.springframework.orm.jpa.AbstractEntityManagerFactoryBean.destroy:[33m651[0;39m][0;39m - Closing JPA EntityManagerFactory for persistence unit 'default'
[2021-11-12 18:30:11:995651] [32m[SpringApplicationShutdownHook][0;39m [34mINFO [0;39m [1;37m[com.zaxxer.hikari.HikariDataSource.close:[33m350[0;39m][0;39m - HikariPool-1 - Shutdown initiated...
[2021-11-12 18:30:11:995654] [32m[SpringApplicationShutdownHook][0;39m [34mINFO [0;39m [1;37m[com.zaxxer.hikari.HikariDataSource.close:[33m352[0;39m][0;39m - HikariPool-1 - Shutdown completed.
[2021-11-12 18:30:15:528 ] [32m[main][0;39m [34mINFO [0;39m [1;37m[org.springframework.boot.StartupInfoLogger.logStarting:[33m55[0;39m][0;39m - Starting JoopgingApplication using Java 1.8.0_302 on DESKTOP-E13C831 with PID 10864 (C:\Users\rlatj\Desktop\SpringBoot\Joopging\Joopging-Server\build\classes\java\main started by rlatj in C:\Users\rlatj\Desktop\SpringBoot\Joopging\Joopging-Server)
[2021-11-12 18:30:15:531 ] [32m[main][0;39m [34mINFO [0;39m [1;37m[org.springframework.boot.SpringApplication.logStartupProfileInfo:[33m663[0;39m][0;39m - The following profiles are active: local
[2021-11-12 18:30:16:1548] [32m[main][0;39m [34mINFO [0;39m [1;37m[org.springframework.data.repository.config.RepositoryConfigurationDelegate.registerRepositoriesIn:[33m132[0;39m][0;39m - Bootstrapping Spring Data JPA repositories in DEFAULT mode.
[2021-11-12 18:30:16:1626] [32m[main][0;39m [34mINFO [0;39m [1;37m[org.springframework.data.repository.config.RepositoryConfigurationDelegate.registerRepositoriesIn:[33m201[0;39m][0;39m - Finished Spring Data repository scanning in 71 ms. Found 7 JPA repository interfaces.
[2021-11-12 18:30:16:1912] [32m[main][0;39m [34mINFO [0;39m [1;37m[org.springframework.context.support.PostProcessorRegistrationDelegate$BeanPostProcessorChecker.postProcessAfterInitialization:[33m376[0;39m][0;39m - Bean 'org.springframework.security.access.expression.method.DefaultMethodSecurityExpressionHandler@561b7d53' of type [org.springframework.security.access.expression.method.DefaultMethodSecurityExpressionHandler] is not eligible for getting processed by all BeanPostProcessors (for example: not eligible for auto-proxying)
[2021-11-12 18:30:16:1916] [32m[main][0;39m [34mINFO [0;39m [1;37m[org.springframework.context.support.PostProcessorRegistrationDelegate$BeanPostProcessorChecker.postProcessAfterInitialization:[33m376[0;39m][0;39m - Bean 'methodSecurityMetadataSource' of type [org.springframework.security.access.method.DelegatingMethodSecurityMetadataSource] is not eligible for getting processed by all BeanPostProcessors (for example: not eligible for auto-proxying)
[2021-11-12 18:30:17:2154] [32m[main][0;39m [34mINFO [0;39m [1;37m[org.springframework.boot.web.embedded.tomcat.TomcatWebServer.initialize:[33m108[0;39m][0;39m - Tomcat initialized with port(s): 8080 (http)
[2021-11-12 18:30:17:2162] [32m[main][0;39m [34mINFO [0;39m [1;37m[org.apache.juli.logging.DirectJDKLog.log:[33m173[0;39m][0;39m - Initializing ProtocolHandler ["http-nio-8080"]
[2021-11-12 18:30:17:2162] [32m[main][0;39m [34mINFO [0;39m [1;37m[org.apache.juli.logging.DirectJDKLog.log:[33m173[0;39m][0;39m - Starting service [Tomcat]
[2021-11-12 18:30:17:2163] [32m[main][0;39m [34mINFO [0;39m [1;37m[org.apache.juli.logging.DirectJDKLog.log:[33m173[0;39m][0;39m - Starting Servlet engine: [Apache Tomcat/9.0.54]
[2021-11-12 18:30:17:2269] [32m[main][0;39m [34mINFO [0;39m [1;37m[org.apache.juli.logging.DirectJDKLog.log:[33m173[0;39m][0;39m - Initializing Spring embedded WebApplicationContext
[2021-11-12 18:30:17:2269] [32m[main][0;39m [34mINFO [0;39m [1;37m[org.springframework.boot.web.servlet.context.ServletWebServerApplicationContext.prepareWebApplicationContext:[33m290[0;39m][0;39m - Root WebApplicationContext: initialization completed in 1701 ms
[2021-11-12 18:30:17:2526] [32m[main][0;39m [34mINFO [0;39m [1;37m[org.hibernate.jpa.internal.util.LogHelper.logPersistenceUnitInformation:[33m31[0;39m][0;39m - HHH000204: Processing PersistenceUnitInfo [name: default]
[2021-11-12 18:30:17:2568] [32m[main][0;39m [34mINFO [0;39m [1;37m[org.hibernate.Version.logVersion:[33m44[0;39m][0;39m - HHH000412: Hibernate ORM core version 5.4.32.Final
[2021-11-12 18:30:17:2676] [32m[main][0;39m [34mINFO [0;39m [1;37m[org.hibernate.annotations.common.reflection.java.JavaReflectionManager.<clinit>:[33m56[0;39m][0;39m - HCANN000001: Hibernate Commons Annotations {5.1.2.Final}
[2021-11-12 18:30:17:2763] [32m[main][0;39m [34mINFO [0;39m [1;37m[com.zaxxer.hikari.HikariDataSource.getConnection:[33m110[0;39m][0;39m - HikariPool-1 - Starting...
[2021-11-12 18:30:17:3088] [32m[main][0;39m [34mINFO [0;39m [1;37m[com.zaxxer.hikari.HikariDataSource.getConnection:[33m123[0;39m][0;39m - HikariPool-1 - Start completed.
[2021-11-12 18:30:18:3107] [32m[main][0;39m [34mINFO [0;39m [1;37m[org.hibernate.dialect.Dialect.<init>:[33m175[0;39m][0;39m - HHH000400: Using dialect: org.hibernate.dialect.MySQL8Dialect
[2021-11-12 18:30:19:4129] [32m[main][0;39m [34mINFO [0;39m [1;37m[org.hibernate.engine.transaction.jta.platform.internal.JtaPlatformInitiator.initiateService:[33m52[0;39m][0;39m - HHH000490: Using JtaPlatform implementation: [org.hibernate.engine.transaction.jta.platform.internal.NoJtaPlatform]
[2021-11-12 18:30:19:4144] [32m[main][0;39m [34mINFO [0;39m [1;37m[org.springframework.orm.jpa.AbstractEntityManagerFactoryBean.buildNativeEntityManagerFactory:[33m437[0;39m][0;39m - Initialized JPA EntityManagerFactory for persistence unit 'default'
[2021-11-12 18:30:20:5289] [32m[main][0;39m [34mINFO [0;39m [1;37m[org.springframework.boot.actuate.endpoint.web.EndpointLinksResolver.<init>:[33m58[0;39m][0;39m - Exposing 1 endpoint(s) beneath base path '/actuator'
[2021-11-12 18:30:20:5398] [32m[main][0;39m [34mINFO [0;39m [1;37m[org.springframework.security.web.DefaultSecurityFilterChain.<init>:[33m51[0;39m][0;39m - Will secure Ant [pattern='/h2-console/**'] with []
[2021-11-12 18:30:20:5398] [32m[main][0;39m [34mINFO [0;39m [1;37m[org.springframework.security.web.DefaultSecurityFilterChain.<init>:[33m51[0;39m][0;39m - Will secure Ant [pattern='/v2/api-docs'] with []
[2021-11-12 18:30:20:5399] [32m[main][0;39m [34mINFO [0;39m [1;37m[org.springframework.security.web.DefaultSecurityFilterChain.<init>:[33m51[0;39m][0;39m - Will secure Ant [pattern='/v3/api-docs'] with []
[2021-11-12 18:30:20:5399] [32m[main][0;39m [34mINFO [0;39m [1;37m[org.springframework.security.web.DefaultSecurityFilterChain.<init>:[33m51[0;39m][0;39m - Will secure Ant [pattern='/swagger-resources/**'] with []
[2021-11-12 18:30:20:5399] [32m[main][0;39m [34mINFO [0;39m [1;37m[org.springframework.security.web.DefaultSecurityFilterChain.<init>:[33m51[0;39m][0;39m - Will secure Ant [pattern='/swagger-ui.html'] with []
[2021-11-12 18:30:20:5399] [32m[main][0;39m [34mINFO [0;39m [1;37m[org.springframework.security.web.DefaultSecurityFilterChain.<init>:[33m51[0;39m][0;39m - Will secure Ant [pattern='/swagger-ui/index.html#/'] with []
[2021-11-12 18:30:20:5399] [32m[main][0;39m [34mINFO [0;39m [1;37m[org.springframework.security.web.DefaultSecurityFilterChain.<init>:[33m51[0;39m][0;39m - Will secure Ant [pattern='/webjars/**'] with []
[2021-11-12 18:30:20:5399] [32m[main][0;39m [34mINFO [0;39m [1;37m[org.springframework.security.web.DefaultSecurityFilterChain.<init>:[33m51[0;39m][0;39m - Will secure Ant [pattern='/swagger/**'] with []
[2021-11-12 18:30:20:5399] [32m[main][0;39m [34mINFO [0;39m [1;37m[org.springframework.security.web.DefaultSecurityFilterChain.<init>:[33m51[0;39m][0;39m - Will secure Ant [pattern='/configuration/**'] with []
[2021-11-12 18:30:20:5504] [32m[main][0;39m [34mINFO [0;39m [1;37m[org.springframework.security.web.DefaultSecurityFilterChain.<init>:[33m51[0;39m][0;39m - Will secure any request with [org.springframework.security.web.context.request.async.WebAsyncManagerIntegrationFilter@587400a9, org.springframework.security.web.context.SecurityContextPersistenceFilter@f9cd1e6, org.springframework.security.web.header.HeaderWriterFilter@3aa1c45, org.springframework.web.filter.CorsFilter@1f0f92f5, org.springframework.security.web.authentication.logout.LogoutFilter@8e3449e, com.project.joopging.security.JwtAuthenticationFilter@7430ed93, org.springframework.security.web.savedrequest.RequestCacheAwareFilter@34d11c92, org.springframework.security.web.servletapi.SecurityContextHolderAwareRequestFilter@73b3ce31, org.springframework.security.web.authentication.AnonymousAuthenticationFilter@2346f77a, org.springframework.security.web.session.SessionManagementFilter@d70dbeb, org.springframework.security.web.access.ExceptionTranslationFilter@3921e96f, org.springframework.security.web.access.intercept.FilterSecurityInterceptor@68b3979d]
[2021-11-12 18:30:20:5718] [32m[main][0;39m [34mINFO [0;39m [1;37m[org.apache.juli.logging.DirectJDKLog.log:[33m173[0;39m][0;39m - Starting ProtocolHandler ["http-nio-8080"]
[2021-11-12 18:30:20:5732] [32m[main][0;39m [34mINFO [0;39m [1;37m[org.springframework.boot.web.embedded.tomcat.TomcatWebServer.start:[33m220[0;39m][0;39m - Tomcat started on port(s): 8080 (http) with context path ''
[2021-11-12 18:30:20:5990] [32m[main][0;39m [34mINFO [0;39m [1;37m[org.springframework.boot.StartupInfoLogger.logStarted:[33m61[0;39m][0;39m - Started JoopgingApplication in 5.864 seconds (JVM running for 6.494)
[2021-11-12 18:30:21:6230] [32m[RMI TCP Connection(6)-172.18.144.1][0;39m [34mINFO [0;39m [1;37m[org.apache.juli.logging.DirectJDKLog.log:[33m173[0;39m][0;39m - Initializing Spring DispatcherServlet 'dispatcherServlet'
[2021-11-12 18:30:21:6230] [32m[RMI TCP Connection(6)-172.18.144.1][0;39m [34mINFO [0;39m [1;37m[org.springframework.web.servlet.FrameworkServlet.initServletBean:[33m525[0;39m][0;39m - Initializing Servlet 'dispatcherServlet'
[2021-11-12 18:30:21:6232] [32m[RMI TCP Connection(6)-172.18.144.1][0;39m [34mINFO [0;39m [1;37m[org.springframework.web.servlet.FrameworkServlet.initServletBean:[33m547[0;39m][0;39m - Completed initialization in 2 ms
[2021-11-12 18:32:32:137882] [32m[http-nio-8080-exec-4][0;39m [34mINFO [0;39m [1;37m[org.hibernate.engine.jdbc.batch.internal.AbstractBatchImpl.release:[33m208[0;39m][0;39m - HHH000010: On release of batch it still contained JDBC statements
[2021-11-12 18:32:32:138039] [32m[http-nio-8080-exec-6][0;39m [34mINFO [0;39m [1;37m[org.hibernate.engine.jdbc.batch.internal.AbstractBatchImpl.release:[33m208[0;39m][0;39m - HHH000010: On release of batch it still contained JDBC statements
[2021-11-12 18:34:46:271909] [32m[http-nio-8080-exec-2][0;39m [34mINFO [0;39m [1;37m[org.hibernate.engine.jdbc.batch.internal.AbstractBatchImpl.release:[33m208[0;39m][0;39m - HHH000010: On release of batch it still contained JDBC statements
[2021-11-12 18:34:46:272022] [32m[http-nio-8080-exec-5][0;39m [34mINFO [0;39m [1;37m[org.hibernate.engine.jdbc.batch.internal.AbstractBatchImpl.release:[33m208[0;39m][0;39m - HHH000010: On release of batch it still contained JDBC statements
[2021-11-12 18:38:01:466863] [32m[http-nio-8080-exec-2][0;39m [34mINFO [0;39m [1;37m[org.hibernate.engine.jdbc.batch.internal.AbstractBatchImpl.release:[33m208[0;39m][0;39m - HHH000010: On release of batch it still contained JDBC statements
[2021-11-12 18:38:49:514124] [32m[http-nio-8080-exec-10][0;39m [34mINFO [0;39m [1;37m[org.hibernate.engine.jdbc.batch.internal.AbstractBatchImpl.release:[33m208[0;39m][0;39m - HHH000010: On release of batch it still contained JDBC statements
[2021-11-12 19:12:07:2512237] [32m[http-nio-8080-exec-6][0;39m [34mINFO [0;39m [1;37m[org.hibernate.engine.jdbc.batch.internal.AbstractBatchImpl.release:[33m208[0;39m][0;39m - HHH000010: On release of batch it still contained JDBC statements
